Analysis & Synthesis report for Milestone4
Thu Jun 13 23:10:06 2019
Quartus Prime Version 18.1.0 Build 625 09/12/2018 SJ Lite Edition


---------------------
; Table of Contents ;
---------------------
  1. Legal Notice
  2. Analysis & Synthesis Summary
  3. Analysis & Synthesis Settings
  4. Parallel Compilation
  5. Analysis & Synthesis Source Files Read
  6. Analysis & Synthesis Resource Usage Summary
  7. Analysis & Synthesis Resource Utilization by Entity
  8. State Machine - |synthi_top|uart_top:uart_top_1|uart_controller_fsm:uart_controller_fsm_1|uart_state
  9. State Machine - |synthi_top|midi_controller:midi_controller_1|midi_state
 10. State Machine - |synthi_top|i2c_master:i2c_master_1|fsm_state
 11. State Machine - |synthi_top|codec_controller:codec_controller_1|fsm_reg
 12. Registers Removed During Synthesis
 13. General Register Statistics
 14. Inverted Register Statistics
 15. Multiplexer Restructuring Statistics (Restructuring Performed)
 16. Parameter Settings for User Entity Instance: infrastructure:infrastructure_1|synchronize:synchronize_1
 17. Parameter Settings for User Entity Instance: infrastructure:infrastructure_1|synchronize:synchronize_2
 18. Parameter Settings for User Entity Instance: infrastructure:infrastructure_1|synchronize:synchronize_3
 19. Parameter Settings for User Entity Instance: infrastructure:infrastructure_1|modulo_divider:modulo_divider_1
 20. Parameter Settings for User Entity Instance: i2s_master:i2s_master_1|shiftreg_p2s:shiftreg_p2s_1
 21. Parameter Settings for User Entity Instance: i2s_master:i2s_master_1|shiftreg_p2s:shiftreg_p2s_2
 22. Parameter Settings for User Entity Instance: i2s_master:i2s_master_1|shiftreg_s2p:shiftreg_s2p_1
 23. Parameter Settings for User Entity Instance: i2s_master:i2s_master_1|shiftreg_s2p:shiftreg_s2p_2
 24. Port Connectivity Checks: "midi_controller:midi_controller_1"
 25. Port Connectivity Checks: "tone_generator:tone_generator_1|DDS:\DDS_inst_gen:9:DDS_1"
 26. Port Connectivity Checks: "tone_generator:tone_generator_1|DDS:\DDS_inst_gen:8:DDS_1"
 27. Port Connectivity Checks: "tone_generator:tone_generator_1|DDS:\DDS_inst_gen:7:DDS_1"
 28. Port Connectivity Checks: "tone_generator:tone_generator_1|DDS:\DDS_inst_gen:6:DDS_1"
 29. Port Connectivity Checks: "tone_generator:tone_generator_1|DDS:\DDS_inst_gen:5:DDS_1"
 30. Port Connectivity Checks: "tone_generator:tone_generator_1|DDS:\DDS_inst_gen:4:DDS_1"
 31. Port Connectivity Checks: "tone_generator:tone_generator_1|DDS:\DDS_inst_gen:3:DDS_1"
 32. Port Connectivity Checks: "tone_generator:tone_generator_1|DDS:\DDS_inst_gen:2:DDS_1"
 33. Port Connectivity Checks: "tone_generator:tone_generator_1|DDS:\DDS_inst_gen:1:DDS_1"
 34. Port Connectivity Checks: "tone_generator:tone_generator_1|DDS:\DDS_inst_gen:0:DDS_1"
 35. Port Connectivity Checks: "i2s_master:i2s_master_1|shiftreg_s2p:shiftreg_s2p_2"
 36. Port Connectivity Checks: "i2s_master:i2s_master_1|shiftreg_s2p:shiftreg_s2p_1"
 37. Port Connectivity Checks: "i2s_master:i2s_master_1|bit_counter:bit_counter_1"
 38. Port Connectivity Checks: "codec_controller:codec_controller_1"
 39. Port Connectivity Checks: "infrastructure:infrastructure_1|modulo_divider:modulo_divider_1"
 40. Port Connectivity Checks: "infrastructure:infrastructure_1"
 41. Post-Synthesis Netlist Statistics for Top Partition
 42. Elapsed Time Per Partition
 43. Analysis & Synthesis Messages



----------------
; Legal Notice ;
----------------
Copyright (C) 2018  Intel Corporation. All rights reserved.
Your use of Intel Corporation's design tools, logic functions 
and other software and tools, and its AMPP partner logic 
functions, and any output files from any of the foregoing 
(including device programming or simulation files), and any 
associated documentation or information are expressly subject 
to the terms and conditions of the Intel Program License 
Subscription Agreement, the Intel Quartus Prime License Agreement,
the Intel FPGA IP License Agreement, or other applicable license
agreement, including, without limitation, that your use is for
the sole purpose of programming logic devices manufactured by
Intel and sold by Intel or its authorized distributors.  Please
refer to the applicable agreement for further details.



+----------------------------------------------------------------------------------+
; Analysis & Synthesis Summary                                                     ;
+------------------------------------+---------------------------------------------+
; Analysis & Synthesis Status        ; Successful - Thu Jun 13 23:10:05 2019       ;
; Quartus Prime Version              ; 18.1.0 Build 625 09/12/2018 SJ Lite Edition ;
; Revision Name                      ; Milestone4                                  ;
; Top-level Entity Name              ; synthi_top                                  ;
; Family                             ; Cyclone IV E                                ;
; Total logic elements               ; 4,442                                       ;
;     Total combinational functions  ; 4,291                                       ;
;     Dedicated logic registers      ; 482                                         ;
; Total registers                    ; 482                                         ;
; Total pins                         ; 30                                          ;
; Total virtual pins                 ; 0                                           ;
; Total memory bits                  ; 0                                           ;
; Embedded Multiplier 9-bit elements ; 0                                           ;
; Total PLLs                         ; 0                                           ;
+------------------------------------+---------------------------------------------+


+------------------------------------------------------------------------------------------------------------+
; Analysis & Synthesis Settings                                                                              ;
+------------------------------------------------------------------+--------------------+--------------------+
; Option                                                           ; Setting            ; Default Value      ;
+------------------------------------------------------------------+--------------------+--------------------+
; Device                                                           ; EP4CE115F29C7      ;                    ;
; Top-level entity name                                            ; synthi_top         ; Milestone4         ;
; Family name                                                      ; Cyclone IV E       ; Cyclone V          ;
; VHDL Show LMF Mapping Messages                                   ; Off                ;                    ;
; VHDL Version                                                     ; VHDL_2008          ; VHDL_1993          ;
; Use smart compilation                                            ; Off                ; Off                ;
; Enable parallel Assembler and Timing Analyzer during compilation ; On                 ; On                 ;
; Enable compact report table                                      ; Off                ; Off                ;
; Restructure Multiplexers                                         ; Auto               ; Auto               ;
; Create Debugging Nodes for IP Cores                              ; Off                ; Off                ;
; Preserve fewer node names                                        ; On                 ; On                 ;
; Intel FPGA IP Evaluation Mode                                    ; Enable             ; Enable             ;
; Verilog Version                                                  ; Verilog_2001       ; Verilog_2001       ;
; State Machine Processing                                         ; Auto               ; Auto               ;
; Safe State Machine                                               ; Off                ; Off                ;
; Extract Verilog State Machines                                   ; On                 ; On                 ;
; Extract VHDL State Machines                                      ; On                 ; On                 ;
; Ignore Verilog initial constructs                                ; Off                ; Off                ;
; Iteration limit for constant Verilog loops                       ; 5000               ; 5000               ;
; Iteration limit for non-constant Verilog loops                   ; 250                ; 250                ;
; Add Pass-Through Logic to Inferred RAMs                          ; On                 ; On                 ;
; Infer RAMs from Raw Logic                                        ; On                 ; On                 ;
; Parallel Synthesis                                               ; On                 ; On                 ;
; DSP Block Balancing                                              ; Auto               ; Auto               ;
; NOT Gate Push-Back                                               ; On                 ; On                 ;
; Power-Up Don't Care                                              ; On                 ; On                 ;
; Remove Redundant Logic Cells                                     ; Off                ; Off                ;
; Remove Duplicate Registers                                       ; On                 ; On                 ;
; Ignore CARRY Buffers                                             ; Off                ; Off                ;
; Ignore CASCADE Buffers                                           ; Off                ; Off                ;
; Ignore GLOBAL Buffers                                            ; Off                ; Off                ;
; Ignore ROW GLOBAL Buffers                                        ; Off                ; Off                ;
; Ignore LCELL Buffers                                             ; Off                ; Off                ;
; Ignore SOFT Buffers                                              ; On                 ; On                 ;
; Limit AHDL Integers to 32 Bits                                   ; Off                ; Off                ;
; Optimization Technique                                           ; Balanced           ; Balanced           ;
; Carry Chain Length                                               ; 70                 ; 70                 ;
; Auto Carry Chains                                                ; On                 ; On                 ;
; Auto Open-Drain Pins                                             ; On                 ; On                 ;
; Perform WYSIWYG Primitive Resynthesis                            ; Off                ; Off                ;
; Auto ROM Replacement                                             ; On                 ; On                 ;
; Auto RAM Replacement                                             ; On                 ; On                 ;
; Auto DSP Block Replacement                                       ; On                 ; On                 ;
; Auto Shift Register Replacement                                  ; Auto               ; Auto               ;
; Allow Shift Register Merging across Hierarchies                  ; Auto               ; Auto               ;
; Auto Clock Enable Replacement                                    ; On                 ; On                 ;
; Strict RAM Replacement                                           ; Off                ; Off                ;
; Allow Synchronous Control Signals                                ; On                 ; On                 ;
; Force Use of Synchronous Clear Signals                           ; Off                ; Off                ;
; Auto RAM Block Balancing                                         ; On                 ; On                 ;
; Auto RAM to Logic Cell Conversion                                ; Off                ; Off                ;
; Auto Resource Sharing                                            ; Off                ; Off                ;
; Allow Any RAM Size For Recognition                               ; Off                ; Off                ;
; Allow Any ROM Size For Recognition                               ; Off                ; Off                ;
; Allow Any Shift Register Size For Recognition                    ; Off                ; Off                ;
; Use LogicLock Constraints during Resource Balancing              ; On                 ; On                 ;
; Ignore translate_off and synthesis_off directives                ; Off                ; Off                ;
; Timing-Driven Synthesis                                          ; On                 ; On                 ;
; Report Parameter Settings                                        ; On                 ; On                 ;
; Report Source Assignments                                        ; On                 ; On                 ;
; Report Connectivity Checks                                       ; On                 ; On                 ;
; Ignore Maximum Fan-Out Assignments                               ; Off                ; Off                ;
; Synchronization Register Chain Length                            ; 2                  ; 2                  ;
; Power Optimization During Synthesis                              ; Normal compilation ; Normal compilation ;
; HDL message level                                                ; Level2             ; Level2             ;
; Suppress Register Optimization Related Messages                  ; Off                ; Off                ;
; Number of Removed Registers Reported in Synthesis Report         ; 5000               ; 5000               ;
; Number of Swept Nodes Reported in Synthesis Report               ; 5000               ; 5000               ;
; Number of Inverted Registers Reported in Synthesis Report        ; 100                ; 100                ;
; Clock MUX Protection                                             ; On                 ; On                 ;
; Auto Gated Clock Conversion                                      ; Off                ; Off                ;
; Block Design Naming                                              ; Auto               ; Auto               ;
; SDC constraint protection                                        ; Off                ; Off                ;
; Synthesis Effort                                                 ; Auto               ; Auto               ;
; Shift Register Replacement - Allow Asynchronous Clear Signal     ; On                 ; On                 ;
; Pre-Mapping Resynthesis Optimization                             ; Off                ; Off                ;
; Analysis & Synthesis Message Level                               ; Medium             ; Medium             ;
; Disable Register Merging Across Hierarchies                      ; Auto               ; Auto               ;
; Resource Aware Inference For Block RAM                           ; On                 ; On                 ;
+------------------------------------------------------------------+--------------------+--------------------+


+------------------------------------------+
; Parallel Compilation                     ;
+----------------------------+-------------+
; Processors                 ; Number      ;
+----------------------------+-------------+
; Number detected on machine ; 4           ;
; Maximum allowed            ; 2           ;
;                            ;             ;
; Average used               ; 1.00        ;
; Maximum used               ; 2           ;
;                            ;             ;
; Usage by Processor         ; % Time Used ;
;     Processor 1            ; 100.0%      ;
;     Processor 2            ;   0.1%      ;
+----------------------------+-------------+


+--------------------------------------------------------------------------------------------------------------------------------------------------------------------+
; Analysis & Synthesis Source Files Read                                                                                                                             ;
+-----------------------------------+-----------------+-----------------+----------------------------------------------------------------------------------+---------+
; File Name with User-Entered Path  ; Used in Netlist ; File Type       ; File Name with Absolute Path                                                     ; Library ;
+-----------------------------------+-----------------+-----------------+----------------------------------------------------------------------------------+---------+
; ../source/uart_top.vhd            ; yes             ; User VHDL File  ; D:/DIGITALTECHNIK_FPGA/DTP2_fpga_synth/Milestone4/source/uart_top.vhd            ;         ;
; ../source/uart_shiftreg_S2P.vhd   ; yes             ; User VHDL File  ; D:/DIGITALTECHNIK_FPGA/DTP2_fpga_synth/Milestone4/source/uart_shiftreg_S2P.vhd   ;         ;
; ../source/uart_controller_fsm.vhd ; yes             ; User VHDL File  ; D:/DIGITALTECHNIK_FPGA/DTP2_fpga_synth/Milestone4/source/uart_controller_fsm.vhd ;         ;
; ../source/tone_generator.vhd      ; yes             ; User VHDL File  ; D:/DIGITALTECHNIK_FPGA/DTP2_fpga_synth/Milestone4/source/tone_generator.vhd      ;         ;
; ../source/tone_gen_pkg.vhd        ; yes             ; User VHDL File  ; D:/DIGITALTECHNIK_FPGA/DTP2_fpga_synth/Milestone4/source/tone_gen_pkg.vhd        ;         ;
; ../source/synthi_top.vhd          ; yes             ; User VHDL File  ; D:/DIGITALTECHNIK_FPGA/DTP2_fpga_synth/Milestone4/source/synthi_top.vhd          ;         ;
; ../source/synchronize.vhd         ; yes             ; User VHDL File  ; D:/DIGITALTECHNIK_FPGA/DTP2_fpga_synth/Milestone4/source/synchronize.vhd         ;         ;
; ../source/shiftreg_s2p.vhd        ; yes             ; User VHDL File  ; D:/DIGITALTECHNIK_FPGA/DTP2_fpga_synth/Milestone4/source/shiftreg_s2p.vhd        ;         ;
; ../source/shiftreg_p2s.vhd        ; yes             ; User VHDL File  ; D:/DIGITALTECHNIK_FPGA/DTP2_fpga_synth/Milestone4/source/shiftreg_p2s.vhd        ;         ;
; ../source/reg_table_pkg.vhd       ; yes             ; User VHDL File  ; D:/DIGITALTECHNIK_FPGA/DTP2_fpga_synth/Milestone4/source/reg_table_pkg.vhd       ;         ;
; ../source/path_control.vhd        ; yes             ; User VHDL File  ; D:/DIGITALTECHNIK_FPGA/DTP2_fpga_synth/Milestone4/source/path_control.vhd        ;         ;
; ../source/modulo_divider.vhd      ; yes             ; User VHDL File  ; D:/DIGITALTECHNIK_FPGA/DTP2_fpga_synth/Milestone4/source/modulo_divider.vhd      ;         ;
; ../source/midi_controller.vhd     ; yes             ; User VHDL File  ; D:/DIGITALTECHNIK_FPGA/DTP2_fpga_synth/Milestone4/source/midi_controller.vhd     ;         ;
; ../source/infrastructure.vhd      ; yes             ; User VHDL File  ; D:/DIGITALTECHNIK_FPGA/DTP2_fpga_synth/Milestone4/source/infrastructure.vhd      ;         ;
; ../source/i2s_master.vhd          ; yes             ; User VHDL File  ; D:/DIGITALTECHNIK_FPGA/DTP2_fpga_synth/Milestone4/source/i2s_master.vhd          ;         ;
; ../source/i2s_decoder.vhd         ; yes             ; User VHDL File  ; D:/DIGITALTECHNIK_FPGA/DTP2_fpga_synth/Milestone4/source/i2s_decoder.vhd         ;         ;
; ../source/i2c_master.vhd          ; yes             ; User VHDL File  ; D:/DIGITALTECHNIK_FPGA/DTP2_fpga_synth/Milestone4/source/i2c_master.vhd          ;         ;
; ../source/flanken_detect.vhd      ; yes             ; User VHDL File  ; D:/DIGITALTECHNIK_FPGA/DTP2_fpga_synth/Milestone4/source/flanken_detect.vhd      ;         ;
; ../source/dds.vhd                 ; yes             ; User VHDL File  ; D:/DIGITALTECHNIK_FPGA/DTP2_fpga_synth/Milestone4/source/dds.vhd                 ;         ;
; ../source/codec_controller.vhd    ; yes             ; User VHDL File  ; D:/DIGITALTECHNIK_FPGA/DTP2_fpga_synth/Milestone4/source/codec_controller.vhd    ;         ;
; ../source/bit_counter.vhd         ; yes             ; User VHDL File  ; D:/DIGITALTECHNIK_FPGA/DTP2_fpga_synth/Milestone4/source/bit_counter.vhd         ;         ;
; ../source/BCLK_GEN.vhd            ; yes             ; User VHDL File  ; D:/DIGITALTECHNIK_FPGA/DTP2_fpga_synth/Milestone4/source/BCLK_GEN.vhd            ;         ;
; ../source/baud_tick.vhd           ; yes             ; User VHDL File  ; D:/DIGITALTECHNIK_FPGA/DTP2_fpga_synth/Milestone4/source/baud_tick.vhd           ;         ;
+-----------------------------------+-----------------+-----------------+----------------------------------------------------------------------------------+---------+


+------------------------------------------------------------------------------------------------------------------------+
; Analysis & Synthesis Resource Usage Summary                                                                            ;
+---------------------------------------------+--------------------------------------------------------------------------+
; Resource                                    ; Usage                                                                    ;
+---------------------------------------------+--------------------------------------------------------------------------+
; Estimated Total logic elements              ; 4,442                                                                    ;
;                                             ;                                                                          ;
; Total combinational functions               ; 4291                                                                     ;
; Logic element usage by number of LUT inputs ;                                                                          ;
;     -- 4 input functions                    ; 3458                                                                     ;
;     -- 3 input functions                    ; 653                                                                      ;
;     -- <=2 input functions                  ; 180                                                                      ;
;                                             ;                                                                          ;
; Logic elements by mode                      ;                                                                          ;
;     -- normal mode                          ; 3968                                                                     ;
;     -- arithmetic mode                      ; 323                                                                      ;
;                                             ;                                                                          ;
; Total registers                             ; 482                                                                      ;
;     -- Dedicated logic registers            ; 482                                                                      ;
;     -- I/O registers                        ; 0                                                                        ;
;                                             ;                                                                          ;
; I/O pins                                    ; 30                                                                       ;
;                                             ;                                                                          ;
; Embedded Multiplier 9-bit elements          ; 0                                                                        ;
;                                             ;                                                                          ;
; Maximum fan-out node                        ; infrastructure:infrastructure_1|modulo_divider:modulo_divider_1|count[1] ;
; Maximum fan-out                             ; 482                                                                      ;
; Total fan-out                               ; 18087                                                                    ;
; Average fan-out                             ; 3.74                                                                     ;
+---------------------------------------------+--------------------------------------------------------------------------+


+-------------------------------------------------------------------------------------------------------------------------------------------------------------------------------------------------------------------------------------------------------------------------------------------------+
; Analysis & Synthesis Resource Utilization by Entity                                                                                                                                                                                                                                             ;
+---------------------------------------------------+---------------------+---------------------------+-------------+--------------+---------+-----------+------+--------------+-----------------------------------------------------------------------------+---------------------+--------------+
; Compilation Hierarchy Node                        ; Combinational ALUTs ; Dedicated Logic Registers ; Memory Bits ; DSP Elements ; DSP 9x9 ; DSP 18x18 ; Pins ; Virtual Pins ; Full Hierarchy Name                                                         ; Entity Name         ; Library Name ;
+---------------------------------------------------+---------------------+---------------------------+-------------+--------------+---------+-----------+------+--------------+-----------------------------------------------------------------------------+---------------------+--------------+
; |synthi_top                                       ; 4291 (1)            ; 482 (0)                   ; 0           ; 0            ; 0       ; 0         ; 30   ; 0            ; |synthi_top                                                                 ; synthi_top          ; work         ;
;    |codec_controller:codec_controller_1|          ; 21 (21)             ; 7 (7)                     ; 0           ; 0            ; 0       ; 0         ; 0    ; 0            ; |synthi_top|codec_controller:codec_controller_1                             ; codec_controller    ; work         ;
;    |i2c_master:i2c_master_1|                      ; 88 (88)             ; 51 (51)                   ; 0           ; 0            ; 0       ; 0         ; 0    ; 0            ; |synthi_top|i2c_master:i2c_master_1                                         ; i2c_master          ; work         ;
;    |i2s_master:i2s_master_1|                      ; 53 (1)              ; 72 (0)                    ; 0           ; 0            ; 0       ; 0         ; 0    ; 0            ; |synthi_top|i2s_master:i2s_master_1                                         ; i2s_master          ; work         ;
;       |BCLK_GEN:bckl_gen_1|                       ; 1 (1)               ; 1 (1)                     ; 0           ; 0            ; 0       ; 0         ; 0    ; 0            ; |synthi_top|i2s_master:i2s_master_1|BCLK_GEN:bckl_gen_1                     ; BCLK_GEN            ; work         ;
;       |bit_counter:bit_counter_1|                 ; 9 (9)               ; 7 (7)                     ; 0           ; 0            ; 0       ; 0         ; 0    ; 0            ; |synthi_top|i2s_master:i2s_master_1|bit_counter:bit_counter_1               ; bit_counter         ; work         ;
;       |i2s_decoder:i2s_decoder_1|                 ; 3 (3)               ; 0 (0)                     ; 0           ; 0            ; 0       ; 0         ; 0    ; 0            ; |synthi_top|i2s_master:i2s_master_1|i2s_decoder:i2s_decoder_1               ; i2s_decoder         ; work         ;
;       |shiftreg_p2s:shiftreg_p2s_1|               ; 18 (18)             ; 16 (16)                   ; 0           ; 0            ; 0       ; 0         ; 0    ; 0            ; |synthi_top|i2s_master:i2s_master_1|shiftreg_p2s:shiftreg_p2s_1             ; shiftreg_p2s        ; work         ;
;       |shiftreg_p2s:shiftreg_p2s_2|               ; 18 (18)             ; 16 (16)                   ; 0           ; 0            ; 0       ; 0         ; 0    ; 0            ; |synthi_top|i2s_master:i2s_master_1|shiftreg_p2s:shiftreg_p2s_2             ; shiftreg_p2s        ; work         ;
;       |shiftreg_s2p:shiftreg_s2p_1|               ; 1 (1)               ; 16 (16)                   ; 0           ; 0            ; 0       ; 0         ; 0    ; 0            ; |synthi_top|i2s_master:i2s_master_1|shiftreg_s2p:shiftreg_s2p_1             ; shiftreg_s2p        ; work         ;
;       |shiftreg_s2p:shiftreg_s2p_2|               ; 2 (2)               ; 16 (16)                   ; 0           ; 0            ; 0       ; 0         ; 0    ; 0            ; |synthi_top|i2s_master:i2s_master_1|shiftreg_s2p:shiftreg_s2p_2             ; shiftreg_s2p        ; work         ;
;    |infrastructure:infrastructure_1|              ; 2 (0)               ; 16 (0)                    ; 0           ; 0            ; 0       ; 0         ; 0    ; 0            ; |synthi_top|infrastructure:infrastructure_1                                 ; infrastructure      ; work         ;
;       |modulo_divider:modulo_divider_1|           ; 2 (2)               ; 2 (2)                     ; 0           ; 0            ; 0       ; 0         ; 0    ; 0            ; |synthi_top|infrastructure:infrastructure_1|modulo_divider:modulo_divider_1 ; modulo_divider      ; work         ;
;       |synchronize:synchronize_1|                 ; 0 (0)               ; 4 (4)                     ; 0           ; 0            ; 0       ; 0         ; 0    ; 0            ; |synthi_top|infrastructure:infrastructure_1|synchronize:synchronize_1       ; synchronize         ; work         ;
;       |synchronize:synchronize_2|                 ; 0 (0)               ; 8 (8)                     ; 0           ; 0            ; 0       ; 0         ; 0    ; 0            ; |synthi_top|infrastructure:infrastructure_1|synchronize:synchronize_2       ; synchronize         ; work         ;
;       |synchronize:synchronize_3|                 ; 0 (0)               ; 2 (2)                     ; 0           ; 0            ; 0       ; 0         ; 0    ; 0            ; |synthi_top|infrastructure:infrastructure_1|synchronize:synchronize_3       ; synchronize         ; work         ;
;    |midi_controller:midi_controller_1|            ; 105 (105)           ; 100 (100)                 ; 0           ; 0            ; 0       ; 0         ; 0    ; 0            ; |synthi_top|midi_controller:midi_controller_1                               ; midi_controller     ; work         ;
;    |tone_generator:tone_generator_1|              ; 3991 (1524)         ; 206 (16)                  ; 0           ; 0            ; 0       ; 0         ; 0    ; 0            ; |synthi_top|tone_generator:tone_generator_1                                 ; tone_generator      ; work         ;
;       |DDS:\DDS_inst_gen:0:DDS_1|                 ; 250 (250)           ; 19 (19)                   ; 0           ; 0            ; 0       ; 0         ; 0    ; 0            ; |synthi_top|tone_generator:tone_generator_1|DDS:\DDS_inst_gen:0:DDS_1       ; DDS                 ; work         ;
;       |DDS:\DDS_inst_gen:1:DDS_1|                 ; 250 (250)           ; 19 (19)                   ; 0           ; 0            ; 0       ; 0         ; 0    ; 0            ; |synthi_top|tone_generator:tone_generator_1|DDS:\DDS_inst_gen:1:DDS_1       ; DDS                 ; work         ;
;       |DDS:\DDS_inst_gen:2:DDS_1|                 ; 249 (249)           ; 19 (19)                   ; 0           ; 0            ; 0       ; 0         ; 0    ; 0            ; |synthi_top|tone_generator:tone_generator_1|DDS:\DDS_inst_gen:2:DDS_1       ; DDS                 ; work         ;
;       |DDS:\DDS_inst_gen:3:DDS_1|                 ; 249 (249)           ; 19 (19)                   ; 0           ; 0            ; 0       ; 0         ; 0    ; 0            ; |synthi_top|tone_generator:tone_generator_1|DDS:\DDS_inst_gen:3:DDS_1       ; DDS                 ; work         ;
;       |DDS:\DDS_inst_gen:4:DDS_1|                 ; 244 (244)           ; 19 (19)                   ; 0           ; 0            ; 0       ; 0         ; 0    ; 0            ; |synthi_top|tone_generator:tone_generator_1|DDS:\DDS_inst_gen:4:DDS_1       ; DDS                 ; work         ;
;       |DDS:\DDS_inst_gen:5:DDS_1|                 ; 245 (245)           ; 19 (19)                   ; 0           ; 0            ; 0       ; 0         ; 0    ; 0            ; |synthi_top|tone_generator:tone_generator_1|DDS:\DDS_inst_gen:5:DDS_1       ; DDS                 ; work         ;
;       |DDS:\DDS_inst_gen:6:DDS_1|                 ; 245 (245)           ; 19 (19)                   ; 0           ; 0            ; 0       ; 0         ; 0    ; 0            ; |synthi_top|tone_generator:tone_generator_1|DDS:\DDS_inst_gen:6:DDS_1       ; DDS                 ; work         ;
;       |DDS:\DDS_inst_gen:7:DDS_1|                 ; 245 (245)           ; 19 (19)                   ; 0           ; 0            ; 0       ; 0         ; 0    ; 0            ; |synthi_top|tone_generator:tone_generator_1|DDS:\DDS_inst_gen:7:DDS_1       ; DDS                 ; work         ;
;       |DDS:\DDS_inst_gen:8:DDS_1|                 ; 245 (245)           ; 19 (19)                   ; 0           ; 0            ; 0       ; 0         ; 0    ; 0            ; |synthi_top|tone_generator:tone_generator_1|DDS:\DDS_inst_gen:8:DDS_1       ; DDS                 ; work         ;
;       |DDS:\DDS_inst_gen:9:DDS_1|                 ; 245 (245)           ; 19 (19)                   ; 0           ; 0            ; 0       ; 0         ; 0    ; 0            ; |synthi_top|tone_generator:tone_generator_1|DDS:\DDS_inst_gen:9:DDS_1       ; DDS                 ; work         ;
;    |uart_top:uart_top_1|                          ; 30 (0)              ; 30 (0)                    ; 0           ; 0            ; 0       ; 0         ; 0    ; 0            ; |synthi_top|uart_top:uart_top_1                                             ; uart_top            ; work         ;
;       |baud_tick:baud_tick_1|                     ; 14 (14)             ; 10 (10)                   ; 0           ; 0            ; 0       ; 0         ; 0    ; 0            ; |synthi_top|uart_top:uart_top_1|baud_tick:baud_tick_1                       ; baud_tick           ; work         ;
;       |flanken_detect:flanken_detect_1|           ; 0 (0)               ; 2 (2)                     ; 0           ; 0            ; 0       ; 0         ; 0    ; 0            ; |synthi_top|uart_top:uart_top_1|flanken_detect:flanken_detect_1             ; flanken_detect      ; work         ;
;       |uart_controller_fsm:uart_controller_fsm_1| ; 16 (16)             ; 8 (8)                     ; 0           ; 0            ; 0       ; 0         ; 0    ; 0            ; |synthi_top|uart_top:uart_top_1|uart_controller_fsm:uart_controller_fsm_1   ; uart_controller_fsm ; work         ;
;       |uart_shiftreg_s2p:uart_shiftreg_S2P_1|     ; 0 (0)               ; 10 (10)                   ; 0           ; 0            ; 0       ; 0         ; 0    ; 0            ; |synthi_top|uart_top:uart_top_1|uart_shiftreg_s2p:uart_shiftreg_S2P_1       ; uart_shiftreg_s2p   ; work         ;
+---------------------------------------------------+---------------------+---------------------------+-------------+--------------+---------+-----------+------+--------------+-----------------------------------------------------------------------------+---------------------+--------------+
Note: For table entries with two numbers listed, the numbers in parentheses indicate the number of resources of the given type used by the specific entity alone. The numbers listed outside of parentheses indicate the total resources of the given type used by the specific entity and all of its sub-entities in the hierarchy.


Encoding Type:  One-Hot
+-------------------------------------------------------------------------------------------------------------------+
; State Machine - |synthi_top|uart_top:uart_top_1|uart_controller_fsm:uart_controller_fsm_1|uart_state              ;
+-------------------------+---------------------+-------------------------+-----------------------+-----------------+
; Name                    ; uart_state.check_rx ; uart_state.wait_rx_byte ; uart_state.prepare_rx ; uart_state.idle ;
+-------------------------+---------------------+-------------------------+-----------------------+-----------------+
; uart_state.idle         ; 0                   ; 0                       ; 0                     ; 0               ;
; uart_state.prepare_rx   ; 0                   ; 0                       ; 1                     ; 1               ;
; uart_state.wait_rx_byte ; 0                   ; 1                       ; 0                     ; 1               ;
; uart_state.check_rx     ; 1                   ; 0                       ; 0                     ; 1               ;
+-------------------------+---------------------+-------------------------+-----------------------+-----------------+


Encoding Type:  One-Hot
+-------------------------------------------------------------------------------------------------+
; State Machine - |synthi_top|midi_controller:midi_controller_1|midi_state                        ;
+------------------------+-----------------------+-----------------------+------------------------+
; Name                   ; midi_state.wait_data2 ; midi_state.wait_data1 ; midi_state.wait_status ;
+------------------------+-----------------------+-----------------------+------------------------+
; midi_state.wait_status ; 0                     ; 0                     ; 0                      ;
; midi_state.wait_data1  ; 0                     ; 1                     ; 1                      ;
; midi_state.wait_data2  ; 1                     ; 0                     ; 1                      ;
+------------------------+-----------------------+-----------------------+------------------------+


Encoding Type:  One-Hot
+-----------------------------------------------------------------------------------------------------------------------------------------------------------------------------------------------------------------------------------+
; State Machine - |synthi_top|i2c_master:i2c_master_1|fsm_state                                                                                                                                                                     ;
+--------------------------------+------------------+---------------------------+----------------------+-----------------------+--------------------------------+-------------------+----------------------------+------------------+
; Name                           ; fsm_state.S_STOP ; fsm_state.S_WAIT_FOR_STOP ; fsm_state.S_ACK_BYTE ; fsm_state.S_SEND_BYTE ; fsm_state.S_WAIT_FOR_NEXT_BYTE ; fsm_state.S_START ; fsm_state.S_WAIT_FOR_START ; fsm_state.S_IDLE ;
+--------------------------------+------------------+---------------------------+----------------------+-----------------------+--------------------------------+-------------------+----------------------------+------------------+
; fsm_state.S_IDLE               ; 0                ; 0                         ; 0                    ; 0                     ; 0                              ; 0                 ; 0                          ; 0                ;
; fsm_state.S_WAIT_FOR_START     ; 0                ; 0                         ; 0                    ; 0                     ; 0                              ; 0                 ; 1                          ; 1                ;
; fsm_state.S_START              ; 0                ; 0                         ; 0                    ; 0                     ; 0                              ; 1                 ; 0                          ; 1                ;
; fsm_state.S_WAIT_FOR_NEXT_BYTE ; 0                ; 0                         ; 0                    ; 0                     ; 1                              ; 0                 ; 0                          ; 1                ;
; fsm_state.S_SEND_BYTE          ; 0                ; 0                         ; 0                    ; 1                     ; 0                              ; 0                 ; 0                          ; 1                ;
; fsm_state.S_ACK_BYTE           ; 0                ; 0                         ; 1                    ; 0                     ; 0                              ; 0                 ; 0                          ; 1                ;
; fsm_state.S_WAIT_FOR_STOP      ; 0                ; 1                         ; 0                    ; 0                     ; 0                              ; 0                 ; 0                          ; 1                ;
; fsm_state.S_STOP               ; 1                ; 0                         ; 0                    ; 0                     ; 0                              ; 0                 ; 0                          ; 1                ;
+--------------------------------+------------------+---------------------------+----------------------+-----------------------+--------------------------------+-------------------+----------------------------+------------------+


Encoding Type:  One-Hot
+-------------------------------------------------------------------------------------------------+
; State Machine - |synthi_top|codec_controller:codec_controller_1|fsm_reg                         ;
+---------------------------+--------------------+---------------------------+--------------------+
; Name                      ; fsm_reg.state_wait ; fsm_reg.state_start_write ; fsm_reg.state_idle ;
+---------------------------+--------------------+---------------------------+--------------------+
; fsm_reg.state_idle        ; 0                  ; 0                         ; 0                  ;
; fsm_reg.state_start_write ; 0                  ; 1                         ; 1                  ;
; fsm_reg.state_wait        ; 1                  ; 0                         ; 1                  ;
+---------------------------+--------------------+---------------------------+--------------------+


+------------------------------------------------------------------------------------------------------------------------+
; Registers Removed During Synthesis                                                                                     ;
+---------------------------------------------------------+--------------------------------------------------------------+
; Register name                                           ; Reason for Removal                                           ;
+---------------------------------------------------------+--------------------------------------------------------------+
; i2c_master:i2c_master_1|clk_divider[0]                  ; Merged with i2s_master:i2s_master_1|BCLK_GEN:bckl_gen_1|bclk ;
; midi_controller:midi_controller_1|status_reg[3]         ; Stuck at VCC due to stuck port data_in                       ;
; midi_controller:midi_controller_1|midi_state.wait_data1 ; Lost fanout                                                  ;
; Total Number of Removed Registers = 3                   ;                                                              ;
+---------------------------------------------------------+--------------------------------------------------------------+


+------------------------------------------------------+
; General Register Statistics                          ;
+----------------------------------------------+-------+
; Statistic                                    ; Value ;
+----------------------------------------------+-------+
; Total registers                              ; 482   ;
; Number of registers using Synchronous Clear  ; 9     ;
; Number of registers using Synchronous Load   ; 42    ;
; Number of registers using Asynchronous Clear ; 448   ;
; Number of registers using Asynchronous Load  ; 0     ;
; Number of registers using Clock Enable       ; 412   ;
; Number of registers using Preset             ; 0     ;
+----------------------------------------------+-------+


+--------------------------------------------------+
; Inverted Register Statistics                     ;
+----------------------------------------+---------+
; Inverted Register                      ; Fan out ;
+----------------------------------------+---------+
; i2c_master:i2c_master_1|scl            ; 2       ;
; i2c_master:i2c_master_1|sda            ; 3       ;
; Total number of inverted registers = 2 ;         ;
+----------------------------------------+---------+


+------------------------------------------------------------------------------------------------------------------------------------------------------------------------------------------------------+
; Multiplexer Restructuring Statistics (Restructuring Performed)                                                                                                                                       ;
+--------------------+-----------+---------------+----------------------+------------------------+------------+----------------------------------------------------------------------------------------+
; Multiplexer Inputs ; Bus Width ; Baseline Area ; Area if Restructured ; Saving if Restructured ; Registered ; Example Multiplexer Output                                                             ;
+--------------------+-----------+---------------+----------------------+------------------------+------------+----------------------------------------------------------------------------------------+
; 3:1                ; 10 bits   ; 20 LEs        ; 20 LEs               ; 0 LEs                  ; Yes        ; |synthi_top|uart_top:uart_top_1|baud_tick:baud_tick_1|baud_count[0]                    ;
; 3:1                ; 4 bits    ; 8 LEs         ; 4 LEs                ; 4 LEs                  ; Yes        ; |synthi_top|uart_top:uart_top_1|uart_controller_fsm:uart_controller_fsm_1|bit_count[3] ;
; 5:1                ; 15 bits   ; 45 LEs        ; 30 LEs               ; 15 LEs                 ; Yes        ; |synthi_top|i2s_master:i2s_master_1|shiftreg_p2s:shiftreg_p2s_2|shiftreg[15]           ;
; 5:1                ; 15 bits   ; 45 LEs        ; 30 LEs               ; 15 LEs                 ; Yes        ; |synthi_top|i2s_master:i2s_master_1|shiftreg_p2s:shiftreg_p2s_1|shiftreg[1]            ;
; 4:1                ; 7 bits    ; 14 LEs        ; 0 LEs                ; 14 LEs                 ; Yes        ; |synthi_top|midi_controller:midi_controller_1|data1_reg[1]                             ;
; 5:1                ; 2 bits    ; 6 LEs         ; 2 LEs                ; 4 LEs                  ; Yes        ; |synthi_top|i2c_master:i2c_master_1|byte_count[1]                                      ;
; 6:1                ; 3 bits    ; 12 LEs        ; 3 LEs                ; 9 LEs                  ; Yes        ; |synthi_top|i2c_master:i2c_master_1|bit_count[0]                                       ;
; 7:1                ; 13 bits   ; 52 LEs        ; 13 LEs               ; 39 LEs                 ; Yes        ; |synthi_top|i2c_master:i2c_master_1|data[21]                                           ;
; 7:1                ; 6 bits    ; 24 LEs        ; 6 LEs                ; 18 LEs                 ; Yes        ; |synthi_top|i2c_master:i2c_master_1|data[9]                                            ;
; 6:1                ; 2 bits    ; 8 LEs         ; 4 LEs                ; 4 LEs                  ; No         ; |synthi_top|uart_top:uart_top_1|uart_controller_fsm:uart_controller_fsm_1|Selector0    ;
; 5:1                ; 2 bits    ; 6 LEs         ; 4 LEs                ; 2 LEs                  ; No         ; |synthi_top|midi_controller:midi_controller_1|Selector2                                ;
; 8:1                ; 2 bits    ; 10 LEs        ; 4 LEs                ; 6 LEs                  ; No         ; |synthi_top|i2c_master:i2c_master_1|Selector26                                         ;
; 9:1                ; 2 bits    ; 12 LEs        ; 4 LEs                ; 8 LEs                  ; No         ; |synthi_top|i2c_master:i2c_master_1|Selector28                                         ;
+--------------------+-----------+---------------+----------------------+------------------------+------------+----------------------------------------------------------------------------------------+


+--------------------------------------------------------------------------------------------------------+
; Parameter Settings for User Entity Instance: infrastructure:infrastructure_1|synchronize:synchronize_1 ;
+----------------+-------+-------------------------------------------------------------------------------+
; Parameter Name ; Value ; Type                                                                          ;
+----------------+-------+-------------------------------------------------------------------------------+
; width          ; 2     ; Signed Integer                                                                ;
+----------------+-------+-------------------------------------------------------------------------------+
Note: In order to hide this table in the UI and the text report file, please set the "Show Parameter Settings in Synthesis Report" option in "Analysis and Synthesis Settings -> More Settings" to "Off".


+--------------------------------------------------------------------------------------------------------+
; Parameter Settings for User Entity Instance: infrastructure:infrastructure_1|synchronize:synchronize_2 ;
+----------------+-------+-------------------------------------------------------------------------------+
; Parameter Name ; Value ; Type                                                                          ;
+----------------+-------+-------------------------------------------------------------------------------+
; width          ; 18    ; Signed Integer                                                                ;
+----------------+-------+-------------------------------------------------------------------------------+
Note: In order to hide this table in the UI and the text report file, please set the "Show Parameter Settings in Synthesis Report" option in "Analysis and Synthesis Settings -> More Settings" to "Off".


+--------------------------------------------------------------------------------------------------------+
; Parameter Settings for User Entity Instance: infrastructure:infrastructure_1|synchronize:synchronize_3 ;
+----------------+-------+-------------------------------------------------------------------------------+
; Parameter Name ; Value ; Type                                                                          ;
+----------------+-------+-------------------------------------------------------------------------------+
; width          ; 1     ; Signed Integer                                                                ;
+----------------+-------+-------------------------------------------------------------------------------+
Note: In order to hide this table in the UI and the text report file, please set the "Show Parameter Settings in Synthesis Report" option in "Analysis and Synthesis Settings -> More Settings" to "Off".


+--------------------------------------------------------------------------------------------------------------+
; Parameter Settings for User Entity Instance: infrastructure:infrastructure_1|modulo_divider:modulo_divider_1 ;
+----------------+-------+-------------------------------------------------------------------------------------+
; Parameter Name ; Value ; Type                                                                                ;
+----------------+-------+-------------------------------------------------------------------------------------+
; width          ; 2     ; Signed Integer                                                                      ;
+----------------+-------+-------------------------------------------------------------------------------------+
Note: In order to hide this table in the UI and the text report file, please set the "Show Parameter Settings in Synthesis Report" option in "Analysis and Synthesis Settings -> More Settings" to "Off".


+--------------------------------------------------------------------------------------------------+
; Parameter Settings for User Entity Instance: i2s_master:i2s_master_1|shiftreg_p2s:shiftreg_p2s_1 ;
+----------------+-------+-------------------------------------------------------------------------+
; Parameter Name ; Value ; Type                                                                    ;
+----------------+-------+-------------------------------------------------------------------------+
; width          ; 16    ; Signed Integer                                                          ;
+----------------+-------+-------------------------------------------------------------------------+
Note: In order to hide this table in the UI and the text report file, please set the "Show Parameter Settings in Synthesis Report" option in "Analysis and Synthesis Settings -> More Settings" to "Off".


+--------------------------------------------------------------------------------------------------+
; Parameter Settings for User Entity Instance: i2s_master:i2s_master_1|shiftreg_p2s:shiftreg_p2s_2 ;
+----------------+-------+-------------------------------------------------------------------------+
; Parameter Name ; Value ; Type                                                                    ;
+----------------+-------+-------------------------------------------------------------------------+
; width          ; 16    ; Signed Integer                                                          ;
+----------------+-------+-------------------------------------------------------------------------+
Note: In order to hide this table in the UI and the text report file, please set the "Show Parameter Settings in Synthesis Report" option in "Analysis and Synthesis Settings -> More Settings" to "Off".


+--------------------------------------------------------------------------------------------------+
; Parameter Settings for User Entity Instance: i2s_master:i2s_master_1|shiftreg_s2p:shiftreg_s2p_1 ;
+----------------+-------+-------------------------------------------------------------------------+
; Parameter Name ; Value ; Type                                                                    ;
+----------------+-------+-------------------------------------------------------------------------+
; width          ; 16    ; Signed Integer                                                          ;
+----------------+-------+-------------------------------------------------------------------------+
Note: In order to hide this table in the UI and the text report file, please set the "Show Parameter Settings in Synthesis Report" option in "Analysis and Synthesis Settings -> More Settings" to "Off".


+--------------------------------------------------------------------------------------------------+
; Parameter Settings for User Entity Instance: i2s_master:i2s_master_1|shiftreg_s2p:shiftreg_s2p_2 ;
+----------------+-------+-------------------------------------------------------------------------+
; Parameter Name ; Value ; Type                                                                    ;
+----------------+-------+-------------------------------------------------------------------------+
; width          ; 16    ; Signed Integer                                                          ;
+----------------+-------+-------------------------------------------------------------------------+
Note: In order to hide this table in the UI and the text report file, please set the "Show Parameter Settings in Synthesis Report" option in "Analysis and Synthesis Settings -> More Settings" to "Off".


+--------------------------------------------------------------------------------------------------------------------------+
; Port Connectivity Checks: "midi_controller:midi_controller_1"                                                            ;
+----------------+--------+----------+-------------------------------------------------------------------------------------+
; Port           ; Type   ; Severity ; Details                                                                             ;
+----------------+--------+----------+-------------------------------------------------------------------------------------+
; reg_velocity_o ; Output ; Info     ; Connected to dangling logic. Logic that only feeds a dangling port will be removed. ;
+----------------+--------+----------+-------------------------------------------------------------------------------------+


+---------------------------------------------------------------------------------------+
; Port Connectivity Checks: "tone_generator:tone_generator_1|DDS:\DDS_inst_gen:9:DDS_1" ;
+--------------------+-------+----------+-----------------------------------------------+
; Port               ; Type  ; Severity ; Details                                       ;
+--------------------+-------+----------+-----------------------------------------------+
; phi_incr_i[18..17] ; Input ; Info     ; Stuck at GND                                  ;
; attenu_i[3..1]     ; Input ; Info     ; Stuck at GND                                  ;
; attenu_i[0]        ; Input ; Info     ; Stuck at VCC                                  ;
+--------------------+-------+----------+-----------------------------------------------+


+---------------------------------------------------------------------------------------+
; Port Connectivity Checks: "tone_generator:tone_generator_1|DDS:\DDS_inst_gen:8:DDS_1" ;
+--------------------+-------+----------+-----------------------------------------------+
; Port               ; Type  ; Severity ; Details                                       ;
+--------------------+-------+----------+-----------------------------------------------+
; phi_incr_i[18..17] ; Input ; Info     ; Stuck at GND                                  ;
; attenu_i[3..1]     ; Input ; Info     ; Stuck at GND                                  ;
; attenu_i[0]        ; Input ; Info     ; Stuck at VCC                                  ;
+--------------------+-------+----------+-----------------------------------------------+


+---------------------------------------------------------------------------------------+
; Port Connectivity Checks: "tone_generator:tone_generator_1|DDS:\DDS_inst_gen:7:DDS_1" ;
+--------------------+-------+----------+-----------------------------------------------+
; Port               ; Type  ; Severity ; Details                                       ;
+--------------------+-------+----------+-----------------------------------------------+
; phi_incr_i[18..17] ; Input ; Info     ; Stuck at GND                                  ;
; attenu_i[3..1]     ; Input ; Info     ; Stuck at GND                                  ;
; attenu_i[0]        ; Input ; Info     ; Stuck at VCC                                  ;
+--------------------+-------+----------+-----------------------------------------------+


+---------------------------------------------------------------------------------------+
; Port Connectivity Checks: "tone_generator:tone_generator_1|DDS:\DDS_inst_gen:6:DDS_1" ;
+--------------------+-------+----------+-----------------------------------------------+
; Port               ; Type  ; Severity ; Details                                       ;
+--------------------+-------+----------+-----------------------------------------------+
; phi_incr_i[18..17] ; Input ; Info     ; Stuck at GND                                  ;
; attenu_i[3..1]     ; Input ; Info     ; Stuck at GND                                  ;
; attenu_i[0]        ; Input ; Info     ; Stuck at VCC                                  ;
+--------------------+-------+----------+-----------------------------------------------+


+---------------------------------------------------------------------------------------+
; Port Connectivity Checks: "tone_generator:tone_generator_1|DDS:\DDS_inst_gen:5:DDS_1" ;
+--------------------+-------+----------+-----------------------------------------------+
; Port               ; Type  ; Severity ; Details                                       ;
+--------------------+-------+----------+-----------------------------------------------+
; phi_incr_i[18..17] ; Input ; Info     ; Stuck at GND                                  ;
; attenu_i[3..1]     ; Input ; Info     ; Stuck at GND                                  ;
; attenu_i[0]        ; Input ; Info     ; Stuck at VCC                                  ;
+--------------------+-------+----------+-----------------------------------------------+


+---------------------------------------------------------------------------------------+
; Port Connectivity Checks: "tone_generator:tone_generator_1|DDS:\DDS_inst_gen:4:DDS_1" ;
+--------------------+-------+----------+-----------------------------------------------+
; Port               ; Type  ; Severity ; Details                                       ;
+--------------------+-------+----------+-----------------------------------------------+
; phi_incr_i[18..17] ; Input ; Info     ; Stuck at GND                                  ;
; attenu_i[3..1]     ; Input ; Info     ; Stuck at GND                                  ;
; attenu_i[0]        ; Input ; Info     ; Stuck at VCC                                  ;
+--------------------+-------+----------+-----------------------------------------------+


+---------------------------------------------------------------------------------------+
; Port Connectivity Checks: "tone_generator:tone_generator_1|DDS:\DDS_inst_gen:3:DDS_1" ;
+--------------------+-------+----------+-----------------------------------------------+
; Port               ; Type  ; Severity ; Details                                       ;
+--------------------+-------+----------+-----------------------------------------------+
; phi_incr_i[18..17] ; Input ; Info     ; Stuck at GND                                  ;
; attenu_i[3..1]     ; Input ; Info     ; Stuck at GND                                  ;
; attenu_i[0]        ; Input ; Info     ; Stuck at VCC                                  ;
+--------------------+-------+----------+-----------------------------------------------+


+---------------------------------------------------------------------------------------+
; Port Connectivity Checks: "tone_generator:tone_generator_1|DDS:\DDS_inst_gen:2:DDS_1" ;
+--------------------+-------+----------+-----------------------------------------------+
; Port               ; Type  ; Severity ; Details                                       ;
+--------------------+-------+----------+-----------------------------------------------+
; phi_incr_i[18..17] ; Input ; Info     ; Stuck at GND                                  ;
; attenu_i[3..1]     ; Input ; Info     ; Stuck at GND                                  ;
; attenu_i[0]        ; Input ; Info     ; Stuck at VCC                                  ;
+--------------------+-------+----------+-----------------------------------------------+


+---------------------------------------------------------------------------------------+
; Port Connectivity Checks: "tone_generator:tone_generator_1|DDS:\DDS_inst_gen:1:DDS_1" ;
+--------------------+-------+----------+-----------------------------------------------+
; Port               ; Type  ; Severity ; Details                                       ;
+--------------------+-------+----------+-----------------------------------------------+
; phi_incr_i[18..17] ; Input ; Info     ; Stuck at GND                                  ;
; attenu_i[3..1]     ; Input ; Info     ; Stuck at GND                                  ;
; attenu_i[0]        ; Input ; Info     ; Stuck at VCC                                  ;
+--------------------+-------+----------+-----------------------------------------------+


+---------------------------------------------------------------------------------------+
; Port Connectivity Checks: "tone_generator:tone_generator_1|DDS:\DDS_inst_gen:0:DDS_1" ;
+--------------------+-------+----------+-----------------------------------------------+
; Port               ; Type  ; Severity ; Details                                       ;
+--------------------+-------+----------+-----------------------------------------------+
; phi_incr_i[18..17] ; Input ; Info     ; Stuck at GND                                  ;
; attenu_i[3..1]     ; Input ; Info     ; Stuck at GND                                  ;
; attenu_i[0]        ; Input ; Info     ; Stuck at VCC                                  ;
+--------------------+-------+----------+-----------------------------------------------+


+---------------------------------------------------------------------------------+
; Port Connectivity Checks: "i2s_master:i2s_master_1|shiftreg_s2p:shiftreg_s2p_2" ;
+------+-------+----------+-------------------------------------------------------+
; Port ; Type  ; Severity ; Details                                               ;
+------+-------+----------+-------------------------------------------------------+
; dir  ; Input ; Info     ; Stuck at VCC                                          ;
+------+-------+----------+-------------------------------------------------------+


+---------------------------------------------------------------------------------+
; Port Connectivity Checks: "i2s_master:i2s_master_1|shiftreg_s2p:shiftreg_s2p_1" ;
+------+-------+----------+-------------------------------------------------------+
; Port ; Type  ; Severity ; Details                                               ;
+------+-------+----------+-------------------------------------------------------+
; dir  ; Input ; Info     ; Stuck at VCC                                          ;
+------+-------+----------+-------------------------------------------------------+


+-------------------------------------------------------------------------------+
; Port Connectivity Checks: "i2s_master:i2s_master_1|bit_counter:bit_counter_1" ;
+--------+-------+----------+---------------------------------------------------+
; Port   ; Type  ; Severity ; Details                                           ;
+--------+-------+----------+---------------------------------------------------+
; init_n ; Input ; Info     ; Stuck at VCC                                      ;
+--------+-------+----------+---------------------------------------------------+


+------------------------------------------------------------------------------------------------------------------+
; Port Connectivity Checks: "codec_controller:codec_controller_1"                                                  ;
+--------+--------+----------+-------------------------------------------------------------------------------------+
; Port   ; Type   ; Severity ; Details                                                                             ;
+--------+--------+----------+-------------------------------------------------------------------------------------+
; mute_o ; Output ; Info     ; Connected to dangling logic. Logic that only feeds a dangling port will be removed. ;
+--------+--------+----------+-------------------------------------------------------------------------------------+


+---------------------------------------------------------------------------------------------+
; Port Connectivity Checks: "infrastructure:infrastructure_1|modulo_divider:modulo_divider_1" ;
+---------+-------+----------+----------------------------------------------------------------+
; Port    ; Type  ; Severity ; Details                                                        ;
+---------+-------+----------+----------------------------------------------------------------+
; reset_n ; Input ; Info     ; Stuck at VCC                                                   ;
+---------+-------+----------+----------------------------------------------------------------+


+----------------------------------------------------------------------------------------------------------------------------+
; Port Connectivity Checks: "infrastructure:infrastructure_1"                                                                ;
+------------------+--------+----------+-------------------------------------------------------------------------------------+
; Port             ; Type   ; Severity ; Details                                                                             ;
+------------------+--------+----------+-------------------------------------------------------------------------------------+
; sw_sync_o[17..4] ; Output ; Info     ; Connected to dangling logic. Logic that only feeds a dangling port will be removed. ;
+------------------+--------+----------+-------------------------------------------------------------------------------------+


+-----------------------------------------------------+
; Post-Synthesis Netlist Statistics for Top Partition ;
+-----------------------+-----------------------------+
; Type                  ; Count                       ;
+-----------------------+-----------------------------+
; boundary_port         ; 30                          ;
; cycloneiii_ff         ; 482                         ;
;     CLR               ; 42                          ;
;     CLR SLD           ; 12                          ;
;     ENA               ; 18                          ;
;     ENA CLR           ; 355                         ;
;     ENA CLR SCLR      ; 9                           ;
;     ENA CLR SLD       ; 30                          ;
;     plain             ; 16                          ;
; cycloneiii_io_obuf    ; 1                           ;
; cycloneiii_lcell_comb ; 4292                        ;
;     arith             ; 323                         ;
;         2 data inputs ; 27                          ;
;         3 data inputs ; 296                         ;
;     normal            ; 3969                        ;
;         0 data inputs ; 1                           ;
;         1 data inputs ; 17                          ;
;         2 data inputs ; 136                         ;
;         3 data inputs ; 357                         ;
;         4 data inputs ; 3458                        ;
;                       ;                             ;
; Max LUT depth         ; 11.40                       ;
; Average LUT depth     ; 7.34                        ;
+-----------------------+-----------------------------+


+-------------------------------+
; Elapsed Time Per Partition    ;
+----------------+--------------+
; Partition Name ; Elapsed Time ;
+----------------+--------------+
; Top            ; 00:00:46     ;
+----------------+--------------+


+-------------------------------+
; Analysis & Synthesis Messages ;
+-------------------------------+
Info: *******************************************************************
Info: Running Quartus Prime Analysis & Synthesis
    Info: Version 18.1.0 Build 625 09/12/2018 SJ Lite Edition
    Info: Processing started: Thu Jun 13 23:08:52 2019
Info: Command: quartus_map --read_settings_files=on --write_settings_files=off Milestone4 -c Milestone4
Warning (18236): Number of processors has not been specified which may cause overloading on shared machines.  Set the global assignment NUM_PARALLEL_PROCESSORS in your QSF to an appropriate value for best performance.
Info (20030): Parallel compilation is enabled and will use 2 of the 2 processors detected
Info (12021): Found 2 design units, including 1 entities, in source file /digitaltechnik_fpga/dtp2_fpga_synth/milestone4/source/uart_top.vhd
    Info (12022): Found design unit 1: uart_top-str File: D:/DIGITALTECHNIK_FPGA/DTP2_fpga_synth/Milestone4/source/uart_top.vhd Line: 39
    Info (12023): Found entity 1: uart_top File: D:/DIGITALTECHNIK_FPGA/DTP2_fpga_synth/Milestone4/source/uart_top.vhd Line: 26
Info (12021): Found 2 design units, including 1 entities, in source file /digitaltechnik_fpga/dtp2_fpga_synth/milestone4/source/uart_shiftreg_s2p.vhd
    Info (12022): Found design unit 1: uart_shiftreg_s2p-rtl File: D:/DIGITALTECHNIK_FPGA/DTP2_fpga_synth/Milestone4/source/uart_shiftreg_S2P.vhd Line: 31
    Info (12023): Found entity 1: uart_shiftreg_s2p File: D:/DIGITALTECHNIK_FPGA/DTP2_fpga_synth/Milestone4/source/uart_shiftreg_S2P.vhd Line: 18
Info (12021): Found 2 design units, including 1 entities, in source file /digitaltechnik_fpga/dtp2_fpga_synth/milestone4/source/uart_controller_fsm.vhd
    Info (12022): Found design unit 1: uart_controller_fsm-rtl File: D:/DIGITALTECHNIK_FPGA/DTP2_fpga_synth/Milestone4/source/uart_controller_fsm.vhd Line: 21
    Info (12023): Found entity 1: uart_controller_fsm File: D:/DIGITALTECHNIK_FPGA/DTP2_fpga_synth/Milestone4/source/uart_controller_fsm.vhd Line: 7
Info (12021): Found 2 design units, including 1 entities, in source file /digitaltechnik_fpga/dtp2_fpga_synth/milestone4/source/tone_generator.vhd
    Info (12022): Found design unit 1: tone_generator-struct File: D:/DIGITALTECHNIK_FPGA/DTP2_fpga_synth/Milestone4/source/tone_generator.vhd Line: 57
    Info (12023): Found entity 1: tone_generator File: D:/DIGITALTECHNIK_FPGA/DTP2_fpga_synth/Milestone4/source/tone_generator.vhd Line: 42
Info (12021): Found 1 design units, including 0 entities, in source file /digitaltechnik_fpga/dtp2_fpga_synth/milestone4/source/tone_gen_pkg.vhd
    Info (12022): Found design unit 1: tone_gen_pkg File: D:/DIGITALTECHNIK_FPGA/DTP2_fpga_synth/Milestone4/source/tone_gen_pkg.vhd Line: 26
Info (12021): Found 2 design units, including 1 entities, in source file /digitaltechnik_fpga/dtp2_fpga_synth/milestone4/source/synthi_top.vhd
    Info (12022): Found design unit 1: synthi_top-rtl File: D:/DIGITALTECHNIK_FPGA/DTP2_fpga_synth/Milestone4/source/synthi_top.vhd Line: 61
    Info (12023): Found entity 1: synthi_top File: D:/DIGITALTECHNIK_FPGA/DTP2_fpga_synth/Milestone4/source/synthi_top.vhd Line: 35
Info (12021): Found 2 design units, including 1 entities, in source file /digitaltechnik_fpga/dtp2_fpga_synth/milestone4/source/synchronize.vhd
    Info (12022): Found design unit 1: synchronize-rtl File: D:/DIGITALTECHNIK_FPGA/DTP2_fpga_synth/Milestone4/source/synchronize.vhd Line: 42
    Info (12023): Found entity 1: synchronize File: D:/DIGITALTECHNIK_FPGA/DTP2_fpga_synth/Milestone4/source/synchronize.vhd Line: 27
Info (12021): Found 2 design units, including 1 entities, in source file /digitaltechnik_fpga/dtp2_fpga_synth/milestone4/source/shiftreg_s2p.vhd
    Info (12022): Found design unit 1: shiftreg_s2p-rtl File: D:/DIGITALTECHNIK_FPGA/DTP2_fpga_synth/Milestone4/source/shiftreg_s2p.vhd Line: 39
    Info (12023): Found entity 1: shiftreg_s2p File: D:/DIGITALTECHNIK_FPGA/DTP2_fpga_synth/Milestone4/source/shiftreg_s2p.vhd Line: 23
Info (12021): Found 2 design units, including 1 entities, in source file /digitaltechnik_fpga/dtp2_fpga_synth/milestone4/source/shiftreg_p2s.vhd
    Info (12022): Found design unit 1: shiftreg_p2s-rtl File: D:/DIGITALTECHNIK_FPGA/DTP2_fpga_synth/Milestone4/source/shiftreg_p2s.vhd Line: 39
    Info (12023): Found entity 1: shiftreg_p2s File: D:/DIGITALTECHNIK_FPGA/DTP2_fpga_synth/Milestone4/source/shiftreg_p2s.vhd Line: 23
Info (12021): Found 1 design units, including 0 entities, in source file /digitaltechnik_fpga/dtp2_fpga_synth/milestone4/source/reg_table_pkg.vhd
    Info (12022): Found design unit 1: reg_table_pkg File: D:/DIGITALTECHNIK_FPGA/DTP2_fpga_synth/Milestone4/source/reg_table_pkg.vhd Line: 26
Info (12021): Found 2 design units, including 1 entities, in source file /digitaltechnik_fpga/dtp2_fpga_synth/milestone4/source/path_control.vhd
    Info (12022): Found design unit 1: path_control-comb File: D:/DIGITALTECHNIK_FPGA/DTP2_fpga_synth/Milestone4/source/path_control.vhd Line: 45
    Info (12023): Found entity 1: path_control File: D:/DIGITALTECHNIK_FPGA/DTP2_fpga_synth/Milestone4/source/path_control.vhd Line: 30
Info (12021): Found 2 design units, including 1 entities, in source file /digitaltechnik_fpga/dtp2_fpga_synth/milestone4/source/modulo_divider.vhd
    Info (12022): Found design unit 1: modulo_divider-rtl File: D:/DIGITALTECHNIK_FPGA/DTP2_fpga_synth/Milestone4/source/modulo_divider.vhd Line: 26
    Info (12023): Found entity 1: modulo_divider File: D:/DIGITALTECHNIK_FPGA/DTP2_fpga_synth/Milestone4/source/modulo_divider.vhd Line: 17
Info (12021): Found 2 design units, including 1 entities, in source file /digitaltechnik_fpga/dtp2_fpga_synth/milestone4/source/midi_controller.vhd
    Info (12022): Found design unit 1: midi_controller-rtl File: D:/DIGITALTECHNIK_FPGA/DTP2_fpga_synth/Milestone4/source/midi_controller.vhd Line: 37
    Info (12023): Found entity 1: midi_controller File: D:/DIGITALTECHNIK_FPGA/DTP2_fpga_synth/Milestone4/source/midi_controller.vhd Line: 22
Info (12021): Found 2 design units, including 1 entities, in source file /digitaltechnik_fpga/dtp2_fpga_synth/milestone4/source/infrastructure.vhd
    Info (12022): Found design unit 1: infrastructure-str File: D:/DIGITALTECHNIK_FPGA/DTP2_fpga_synth/Milestone4/source/infrastructure.vhd Line: 26
    Info (12023): Found entity 1: infrastructure File: D:/DIGITALTECHNIK_FPGA/DTP2_fpga_synth/Milestone4/source/infrastructure.vhd Line: 8
Info (12021): Found 2 design units, including 1 entities, in source file /digitaltechnik_fpga/dtp2_fpga_synth/milestone4/source/i2s_master.vhd
    Info (12022): Found design unit 1: i2s_master-rtl File: D:/DIGITALTECHNIK_FPGA/DTP2_fpga_synth/Milestone4/source/i2s_master.vhd Line: 56
    Info (12023): Found entity 1: i2s_master File: D:/DIGITALTECHNIK_FPGA/DTP2_fpga_synth/Milestone4/source/i2s_master.vhd Line: 32
Info (12021): Found 2 design units, including 1 entities, in source file /digitaltechnik_fpga/dtp2_fpga_synth/milestone4/source/i2s_decoder.vhd
    Info (12022): Found design unit 1: i2s_decoder-rtl File: D:/DIGITALTECHNIK_FPGA/DTP2_fpga_synth/Milestone4/source/i2s_decoder.vhd Line: 46
    Info (12023): Found entity 1: i2s_decoder File: D:/DIGITALTECHNIK_FPGA/DTP2_fpga_synth/Milestone4/source/i2s_decoder.vhd Line: 35
Info (12021): Found 2 design units, including 1 entities, in source file /digitaltechnik_fpga/dtp2_fpga_synth/milestone4/source/i2c_slave_bfm.vhd
    Info (12022): Found design unit 1: i2c_slave_bfm-bfm File: D:/DIGITALTECHNIK_FPGA/DTP2_fpga_synth/Milestone4/source/i2c_slave_bfm.vhd Line: 32
    Info (12023): Found entity 1: i2c_slave_bfm File: D:/DIGITALTECHNIK_FPGA/DTP2_fpga_synth/Milestone4/source/i2c_slave_bfm.vhd Line: 7
Info (12021): Found 2 design units, including 1 entities, in source file /digitaltechnik_fpga/dtp2_fpga_synth/milestone4/source/i2c_master.vhd
    Info (12022): Found design unit 1: i2c_master-rtl File: D:/DIGITALTECHNIK_FPGA/DTP2_fpga_synth/Milestone4/source/i2c_master.vhd Line: 40
    Info (12023): Found entity 1: i2c_master File: D:/DIGITALTECHNIK_FPGA/DTP2_fpga_synth/Milestone4/source/i2c_master.vhd Line: 22
Info (12021): Found 2 design units, including 1 entities, in source file /digitaltechnik_fpga/dtp2_fpga_synth/milestone4/source/flanken_detect.vhd
    Info (12022): Found design unit 1: flanken_detect-rtl File: D:/DIGITALTECHNIK_FPGA/DTP2_fpga_synth/Milestone4/source/flanken_detect.vhd Line: 26
    Info (12023): Found entity 1: flanken_detect File: D:/DIGITALTECHNIK_FPGA/DTP2_fpga_synth/Milestone4/source/flanken_detect.vhd Line: 14
Info (12021): Found 2 design units, including 1 entities, in source file /digitaltechnik_fpga/dtp2_fpga_synth/milestone4/source/dds.vhd
    Info (12022): Found design unit 1: DDS-rtl File: D:/DIGITALTECHNIK_FPGA/DTP2_fpga_synth/Milestone4/source/dds.vhd Line: 47
    Info (12023): Found entity 1: DDS File: D:/DIGITALTECHNIK_FPGA/DTP2_fpga_synth/Milestone4/source/dds.vhd Line: 34
Info (12021): Found 2 design units, including 1 entities, in source file /digitaltechnik_fpga/dtp2_fpga_synth/milestone4/source/codec_controller.vhd
    Info (12022): Found design unit 1: codec_controller-rtl File: D:/DIGITALTECHNIK_FPGA/DTP2_fpga_synth/Milestone4/source/codec_controller.vhd Line: 55
    Info (12023): Found entity 1: codec_controller File: D:/DIGITALTECHNIK_FPGA/DTP2_fpga_synth/Milestone4/source/codec_controller.vhd Line: 38
Info (12021): Found 2 design units, including 1 entities, in source file /digitaltechnik_fpga/dtp2_fpga_synth/milestone4/source/bit_counter.vhd
    Info (12022): Found design unit 1: bit_counter-rtl File: D:/DIGITALTECHNIK_FPGA/DTP2_fpga_synth/Milestone4/source/bit_counter.vhd Line: 41
    Info (12023): Found entity 1: bit_counter File: D:/DIGITALTECHNIK_FPGA/DTP2_fpga_synth/Milestone4/source/bit_counter.vhd Line: 33
Info (12021): Found 2 design units, including 1 entities, in source file /digitaltechnik_fpga/dtp2_fpga_synth/milestone4/source/bclk_gen.vhd
    Info (12022): Found design unit 1: BCLK_GEN-rtl File: D:/DIGITALTECHNIK_FPGA/DTP2_fpga_synth/Milestone4/source/BCLK_GEN.vhd Line: 43
    Info (12023): Found entity 1: BCLK_GEN File: D:/DIGITALTECHNIK_FPGA/DTP2_fpga_synth/Milestone4/source/BCLK_GEN.vhd Line: 31
Info (12021): Found 2 design units, including 1 entities, in source file /digitaltechnik_fpga/dtp2_fpga_synth/milestone4/source/baud_tick.vhd
    Info (12022): Found design unit 1: baud_tick-rtl File: D:/DIGITALTECHNIK_FPGA/DTP2_fpga_synth/Milestone4/source/baud_tick.vhd Line: 25
    Info (12023): Found entity 1: baud_tick File: D:/DIGITALTECHNIK_FPGA/DTP2_fpga_synth/Milestone4/source/baud_tick.vhd Line: 15
Info (12127): Elaborating entity "synthi_top" for the top level hierarchy
Warning (10036): Verilog HDL or VHDL warning at synthi_top.vhd(82): object "mute_o" assigned a value but never read File: D:/DIGITALTECHNIK_FPGA/DTP2_fpga_synth/Milestone4/source/synthi_top.vhd Line: 82
Info (12128): Elaborating entity "infrastructure" for hierarchy "infrastructure:infrastructure_1" File: D:/DIGITALTECHNIK_FPGA/DTP2_fpga_synth/Milestone4/source/synthi_top.vhd Line: 207
Info (12128): Elaborating entity "synchronize" for hierarchy "infrastructure:infrastructure_1|synchronize:synchronize_1" File: D:/DIGITALTECHNIK_FPGA/DTP2_fpga_synth/Milestone4/source/infrastructure.vhd Line: 66
Info (12128): Elaborating entity "synchronize" for hierarchy "infrastructure:infrastructure_1|synchronize:synchronize_2" File: D:/DIGITALTECHNIK_FPGA/DTP2_fpga_synth/Milestone4/source/infrastructure.vhd Line: 75
Info (12128): Elaborating entity "synchronize" for hierarchy "infrastructure:infrastructure_1|synchronize:synchronize_3" File: D:/DIGITALTECHNIK_FPGA/DTP2_fpga_synth/Milestone4/source/infrastructure.vhd Line: 84
Info (12128): Elaborating entity "modulo_divider" for hierarchy "infrastructure:infrastructure_1|modulo_divider:modulo_divider_1" File: D:/DIGITALTECHNIK_FPGA/DTP2_fpga_synth/Milestone4/source/infrastructure.vhd Line: 93
Info (12128): Elaborating entity "codec_controller" for hierarchy "codec_controller:codec_controller_1" File: D:/DIGITALTECHNIK_FPGA/DTP2_fpga_synth/Milestone4/source/synthi_top.vhd Line: 220
Info (12128): Elaborating entity "i2c_master" for hierarchy "i2c_master:i2c_master_1" File: D:/DIGITALTECHNIK_FPGA/DTP2_fpga_synth/Milestone4/source/synthi_top.vhd Line: 233
Info (12128): Elaborating entity "path_control" for hierarchy "path_control:path_control_1" File: D:/DIGITALTECHNIK_FPGA/DTP2_fpga_synth/Milestone4/source/synthi_top.vhd Line: 247
Info (12128): Elaborating entity "i2s_master" for hierarchy "i2s_master:i2s_master_1" File: D:/DIGITALTECHNIK_FPGA/DTP2_fpga_synth/Milestone4/source/synthi_top.vhd Line: 258
Info (12128): Elaborating entity "BCLK_GEN" for hierarchy "i2s_master:i2s_master_1|BCLK_GEN:bckl_gen_1" File: D:/DIGITALTECHNIK_FPGA/DTP2_fpga_synth/Milestone4/source/i2s_master.vhd Line: 119
Info (12128): Elaborating entity "bit_counter" for hierarchy "i2s_master:i2s_master_1|bit_counter:bit_counter_1" File: D:/DIGITALTECHNIK_FPGA/DTP2_fpga_synth/Milestone4/source/i2s_master.vhd Line: 126
Info (12128): Elaborating entity "i2s_decoder" for hierarchy "i2s_master:i2s_master_1|i2s_decoder:i2s_decoder_1" File: D:/DIGITALTECHNIK_FPGA/DTP2_fpga_synth/Milestone4/source/i2s_master.vhd Line: 135
Info (12128): Elaborating entity "shiftreg_p2s" for hierarchy "i2s_master:i2s_master_1|shiftreg_p2s:shiftreg_p2s_1" File: D:/DIGITALTECHNIK_FPGA/DTP2_fpga_synth/Milestone4/source/i2s_master.vhd Line: 144
Info (12128): Elaborating entity "shiftreg_s2p" for hierarchy "i2s_master:i2s_master_1|shiftreg_s2p:shiftreg_s2p_1" File: D:/DIGITALTECHNIK_FPGA/DTP2_fpga_synth/Milestone4/source/i2s_master.vhd Line: 170
Info (12128): Elaborating entity "tone_generator" for hierarchy "tone_generator:tone_generator_1" File: D:/DIGITALTECHNIK_FPGA/DTP2_fpga_synth/Milestone4/source/synthi_top.vhd Line: 276
Info (12128): Elaborating entity "DDS" for hierarchy "tone_generator:tone_generator_1|DDS:\DDS_inst_gen:0:DDS_1" File: D:/DIGITALTECHNIK_FPGA/DTP2_fpga_synth/Milestone4/source/tone_generator.vhd Line: 80
Info (12128): Elaborating entity "midi_controller" for hierarchy "midi_controller:midi_controller_1" File: D:/DIGITALTECHNIK_FPGA/DTP2_fpga_synth/Milestone4/source/synthi_top.vhd Line: 291
Warning (10036): Verilog HDL or VHDL warning at midi_controller.vhd(108): object "note_written" assigned a value but never read File: D:/DIGITALTECHNIK_FPGA/DTP2_fpga_synth/Milestone4/source/midi_controller.vhd Line: 108
Info (12128): Elaborating entity "uart_top" for hierarchy "uart_top:uart_top_1" File: D:/DIGITALTECHNIK_FPGA/DTP2_fpga_synth/Milestone4/source/synthi_top.vhd Line: 312
Info (12128): Elaborating entity "flanken_detect" for hierarchy "uart_top:uart_top_1|flanken_detect:flanken_detect_1" File: D:/DIGITALTECHNIK_FPGA/DTP2_fpga_synth/Milestone4/source/uart_top.vhd Line: 102
Info (12128): Elaborating entity "baud_tick" for hierarchy "uart_top:uart_top_1|baud_tick:baud_tick_1" File: D:/DIGITALTECHNIK_FPGA/DTP2_fpga_synth/Milestone4/source/uart_top.vhd Line: 110
Info (12128): Elaborating entity "uart_controller_fsm" for hierarchy "uart_top:uart_top_1|uart_controller_fsm:uart_controller_fsm_1" File: D:/DIGITALTECHNIK_FPGA/DTP2_fpga_synth/Milestone4/source/uart_top.vhd Line: 119
Info (12128): Elaborating entity "uart_shiftreg_s2p" for hierarchy "uart_top:uart_top_1|uart_shiftreg_s2p:uart_shiftreg_S2P_1" File: D:/DIGITALTECHNIK_FPGA/DTP2_fpga_synth/Milestone4/source/uart_top.vhd Line: 131
Info (13000): Registers with preset signals will power-up high File: D:/DIGITALTECHNIK_FPGA/DTP2_fpga_synth/Milestone4/source/i2c_master.vhd Line: 300
Info (13003): DEV_CLRn pin will set, and not reset, register with preset signal due to NOT Gate Push-Back
Info (286030): Timing-Driven Synthesis is running
Info (17049): 1 registers lost all their fanouts during netlist optimizations.
Info (16010): Generating hard_block partition "hard_block:auto_generated_inst"
    Info (16011): Adding 0 node(s), including 0 DDIO, 0 PLL, 0 transceiver and 0 LCELL
Warning (21074): Design contains 14 input pin(s) that do not drive logic
    Warning (15610): No output dependent on input pin "SW[4]" File: D:/DIGITALTECHNIK_FPGA/DTP2_fpga_synth/Milestone4/source/synthi_top.vhd Line: 44
    Warning (15610): No output dependent on input pin "SW[5]" File: D:/DIGITALTECHNIK_FPGA/DTP2_fpga_synth/Milestone4/source/synthi_top.vhd Line: 44
    Warning (15610): No output dependent on input pin "SW[6]" File: D:/DIGITALTECHNIK_FPGA/DTP2_fpga_synth/Milestone4/source/synthi_top.vhd Line: 44
    Warning (15610): No output dependent on input pin "SW[7]" File: D:/DIGITALTECHNIK_FPGA/DTP2_fpga_synth/Milestone4/source/synthi_top.vhd Line: 44
    Warning (15610): No output dependent on input pin "SW[8]" File: D:/DIGITALTECHNIK_FPGA/DTP2_fpga_synth/Milestone4/source/synthi_top.vhd Line: 44
    Warning (15610): No output dependent on input pin "SW[9]" File: D:/DIGITALTECHNIK_FPGA/DTP2_fpga_synth/Milestone4/source/synthi_top.vhd Line: 44
    Warning (15610): No output dependent on input pin "SW[10]" File: D:/DIGITALTECHNIK_FPGA/DTP2_fpga_synth/Milestone4/source/synthi_top.vhd Line: 44
    Warning (15610): No output dependent on input pin "SW[11]" File: D:/DIGITALTECHNIK_FPGA/DTP2_fpga_synth/Milestone4/source/synthi_top.vhd Line: 44
    Warning (15610): No output dependent on input pin "SW[12]" File: D:/DIGITALTECHNIK_FPGA/DTP2_fpga_synth/Milestone4/source/synthi_top.vhd Line: 44
    Warning (15610): No output dependent on input pin "SW[13]" File: D:/DIGITALTECHNIK_FPGA/DTP2_fpga_synth/Milestone4/source/synthi_top.vhd Line: 44
    Warning (15610): No output dependent on input pin "SW[14]" File: D:/DIGITALTECHNIK_FPGA/DTP2_fpga_synth/Milestone4/source/synthi_top.vhd Line: 44
    Warning (15610): No output dependent on input pin "SW[15]" File: D:/DIGITALTECHNIK_FPGA/DTP2_fpga_synth/Milestone4/source/synthi_top.vhd Line: 44
    Warning (15610): No output dependent on input pin "SW[16]" File: D:/DIGITALTECHNIK_FPGA/DTP2_fpga_synth/Milestone4/source/synthi_top.vhd Line: 44
    Warning (15610): No output dependent on input pin "SW[17]" File: D:/DIGITALTECHNIK_FPGA/DTP2_fpga_synth/Milestone4/source/synthi_top.vhd Line: 44
Info (21057): Implemented 4474 device resources after synthesis - the final resource count might be different
    Info (21058): Implemented 23 input pins
    Info (21059): Implemented 6 output pins
    Info (21060): Implemented 1 bidirectional pins
    Info (21061): Implemented 4444 logic cells
Info: Quartus Prime Analysis & Synthesis was successful. 0 errors, 18 warnings
    Info: Peak virtual memory: 4858 megabytes
    Info: Processing ended: Thu Jun 13 23:10:06 2019
    Info: Elapsed time: 00:01:14
    Info: Total CPU time (on all processors): 00:01:24


