Analysis & Synthesis report for synthi_top
Fri Apr 12 18:36:34 2019
Quartus Prime Version 18.0.0 Build 614 04/24/2018 SJ Lite Edition


---------------------
; Table of Contents ;
---------------------
  1. Legal Notice
  2. Analysis & Synthesis Summary
  3. Analysis & Synthesis Settings
  4. Parallel Compilation
  5. Analysis & Synthesis Source Files Read
  6. Analysis & Synthesis Resource Usage Summary
  7. Analysis & Synthesis Resource Utilization by Entity
  8. State Machine - |synthi_top|i2c_master:i2c_master_1|fsm_state
  9. State Machine - |synthi_top|codec_controller:codec_controller_1|fsm_reg
 10. Registers Removed During Synthesis
 11. Removed Registers Triggering Further Register Optimizations
 12. General Register Statistics
 13. Inverted Register Statistics
 14. Multiplexer Restructuring Statistics (Restructuring Performed)
 15. Parameter Settings for User Entity Instance: infrastructure:infrastructure_1|synchronize:synchronize_1
 16. Parameter Settings for User Entity Instance: infrastructure:infrastructure_1|synchronize:synchronize_2
 17. Parameter Settings for User Entity Instance: infrastructure:infrastructure_1|synchronize:synchronize_3
 18. Parameter Settings for User Entity Instance: infrastructure:infrastructure_1|modulo_divider:modulo_divider_1
 19. Port Connectivity Checks: "i2s_master:i2s_master_1"
 20. Port Connectivity Checks: "codec_controller:codec_controller_1"
 21. Port Connectivity Checks: "infrastructure:infrastructure_1|modulo_divider:modulo_divider_1"
 22. Port Connectivity Checks: "infrastructure:infrastructure_1"
 23. Post-Synthesis Netlist Statistics for Top Partition
 24. Elapsed Time Per Partition
 25. Analysis & Synthesis Messages



----------------
; Legal Notice ;
----------------
Copyright (C) 2018  Intel Corporation. All rights reserved.
Your use of Intel Corporation's design tools, logic functions 
and other software and tools, and its AMPP partner logic 
functions, and any output files from any of the foregoing 
(including device programming or simulation files), and any 
associated documentation or information are expressly subject 
to the terms and conditions of the Intel Program License 
Subscription Agreement, the Intel Quartus Prime License Agreement,
the Intel FPGA IP License Agreement, or other applicable license
agreement, including, without limitation, that your use is for
the sole purpose of programming logic devices manufactured by
Intel and sold by Intel or its authorized distributors.  Please
refer to the applicable agreement for further details.



+----------------------------------------------------------------------------------+
; Analysis & Synthesis Summary                                                     ;
+------------------------------------+---------------------------------------------+
; Analysis & Synthesis Status        ; Successful - Fri Apr 12 18:36:34 2019       ;
; Quartus Prime Version              ; 18.0.0 Build 614 04/24/2018 SJ Lite Edition ;
; Revision Name                      ; synthi_top                                  ;
; Top-level Entity Name              ; synthi_top                                  ;
; Family                             ; Cyclone IV E                                ;
; Total logic elements               ; 149                                         ;
;     Total combinational functions  ; 133                                         ;
;     Dedicated logic registers      ; 79                                          ;
; Total registers                    ; 79                                          ;
; Total pins                         ; 32                                          ;
; Total virtual pins                 ; 0                                           ;
; Total memory bits                  ; 0                                           ;
; Embedded Multiplier 9-bit elements ; 0                                           ;
; Total PLLs                         ; 0                                           ;
+------------------------------------+---------------------------------------------+


+------------------------------------------------------------------------------------------------------------+
; Analysis & Synthesis Settings                                                                              ;
+------------------------------------------------------------------+--------------------+--------------------+
; Option                                                           ; Setting            ; Default Value      ;
+------------------------------------------------------------------+--------------------+--------------------+
; Device                                                           ; EP4CE115F29C7      ;                    ;
; Top-level entity name                                            ; synthi_top         ; synthi_top         ;
; Family name                                                      ; Cyclone IV E       ; Cyclone V          ;
; VHDL Show LMF Mapping Messages                                   ; Off                ;                    ;
; VHDL Version                                                     ; VHDL_2008          ; VHDL_1993          ;
; Use smart compilation                                            ; Off                ; Off                ;
; Enable parallel Assembler and Timing Analyzer during compilation ; On                 ; On                 ;
; Enable compact report table                                      ; Off                ; Off                ;
; Restructure Multiplexers                                         ; Auto               ; Auto               ;
; Create Debugging Nodes for IP Cores                              ; Off                ; Off                ;
; Preserve fewer node names                                        ; On                 ; On                 ;
; Intel FPGA IP Evaluation Mode                                    ; Enable             ; Enable             ;
; Verilog Version                                                  ; Verilog_2001       ; Verilog_2001       ;
; State Machine Processing                                         ; Auto               ; Auto               ;
; Safe State Machine                                               ; Off                ; Off                ;
; Extract Verilog State Machines                                   ; On                 ; On                 ;
; Extract VHDL State Machines                                      ; On                 ; On                 ;
; Ignore Verilog initial constructs                                ; Off                ; Off                ;
; Iteration limit for constant Verilog loops                       ; 5000               ; 5000               ;
; Iteration limit for non-constant Verilog loops                   ; 250                ; 250                ;
; Add Pass-Through Logic to Inferred RAMs                          ; On                 ; On                 ;
; Infer RAMs from Raw Logic                                        ; On                 ; On                 ;
; Parallel Synthesis                                               ; On                 ; On                 ;
; DSP Block Balancing                                              ; Auto               ; Auto               ;
; NOT Gate Push-Back                                               ; On                 ; On                 ;
; Power-Up Don't Care                                              ; On                 ; On                 ;
; Remove Redundant Logic Cells                                     ; Off                ; Off                ;
; Remove Duplicate Registers                                       ; On                 ; On                 ;
; Ignore CARRY Buffers                                             ; Off                ; Off                ;
; Ignore CASCADE Buffers                                           ; Off                ; Off                ;
; Ignore GLOBAL Buffers                                            ; Off                ; Off                ;
; Ignore ROW GLOBAL Buffers                                        ; Off                ; Off                ;
; Ignore LCELL Buffers                                             ; Off                ; Off                ;
; Ignore SOFT Buffers                                              ; On                 ; On                 ;
; Limit AHDL Integers to 32 Bits                                   ; Off                ; Off                ;
; Optimization Technique                                           ; Balanced           ; Balanced           ;
; Carry Chain Length                                               ; 70                 ; 70                 ;
; Auto Carry Chains                                                ; On                 ; On                 ;
; Auto Open-Drain Pins                                             ; On                 ; On                 ;
; Perform WYSIWYG Primitive Resynthesis                            ; Off                ; Off                ;
; Auto ROM Replacement                                             ; On                 ; On                 ;
; Auto RAM Replacement                                             ; On                 ; On                 ;
; Auto DSP Block Replacement                                       ; On                 ; On                 ;
; Auto Shift Register Replacement                                  ; Auto               ; Auto               ;
; Allow Shift Register Merging across Hierarchies                  ; Auto               ; Auto               ;
; Auto Clock Enable Replacement                                    ; On                 ; On                 ;
; Strict RAM Replacement                                           ; Off                ; Off                ;
; Allow Synchronous Control Signals                                ; On                 ; On                 ;
; Force Use of Synchronous Clear Signals                           ; Off                ; Off                ;
; Auto RAM Block Balancing                                         ; On                 ; On                 ;
; Auto RAM to Logic Cell Conversion                                ; Off                ; Off                ;
; Auto Resource Sharing                                            ; Off                ; Off                ;
; Allow Any RAM Size For Recognition                               ; Off                ; Off                ;
; Allow Any ROM Size For Recognition                               ; Off                ; Off                ;
; Allow Any Shift Register Size For Recognition                    ; Off                ; Off                ;
; Use LogicLock Constraints during Resource Balancing              ; On                 ; On                 ;
; Ignore translate_off and synthesis_off directives                ; Off                ; Off                ;
; Timing-Driven Synthesis                                          ; On                 ; On                 ;
; Report Parameter Settings                                        ; On                 ; On                 ;
; Report Source Assignments                                        ; On                 ; On                 ;
; Report Connectivity Checks                                       ; On                 ; On                 ;
; Ignore Maximum Fan-Out Assignments                               ; Off                ; Off                ;
; Synchronization Register Chain Length                            ; 2                  ; 2                  ;
; Power Optimization During Synthesis                              ; Normal compilation ; Normal compilation ;
; HDL message level                                                ; Level2             ; Level2             ;
; Suppress Register Optimization Related Messages                  ; Off                ; Off                ;
; Number of Removed Registers Reported in Synthesis Report         ; 5000               ; 5000               ;
; Number of Swept Nodes Reported in Synthesis Report               ; 5000               ; 5000               ;
; Number of Inverted Registers Reported in Synthesis Report        ; 100                ; 100                ;
; Clock MUX Protection                                             ; On                 ; On                 ;
; Auto Gated Clock Conversion                                      ; Off                ; Off                ;
; Block Design Naming                                              ; Auto               ; Auto               ;
; SDC constraint protection                                        ; Off                ; Off                ;
; Synthesis Effort                                                 ; Auto               ; Auto               ;
; Shift Register Replacement - Allow Asynchronous Clear Signal     ; On                 ; On                 ;
; Pre-Mapping Resynthesis Optimization                             ; Off                ; Off                ;
; Analysis & Synthesis Message Level                               ; Medium             ; Medium             ;
; Disable Register Merging Across Hierarchies                      ; Auto               ; Auto               ;
; Resource Aware Inference For Block RAM                           ; On                 ; On                 ;
+------------------------------------------------------------------+--------------------+--------------------+


+------------------------------------------+
; Parallel Compilation                     ;
+----------------------------+-------------+
; Processors                 ; Number      ;
+----------------------------+-------------+
; Number detected on machine ; 8           ;
; Maximum allowed            ; 4           ;
;                            ;             ;
; Average used               ; 1.00        ;
; Maximum used               ; 4           ;
;                            ;             ;
; Usage by Processor         ; % Time Used ;
;     Processor 1            ; 100.0%      ;
;     Processor 2            ;   0.0%      ;
;     Processors 3-4         ;   0.0%      ;
+----------------------------+-------------+


+-------------------------------------------------------------------------------------------------------------------------------------------------------------------------------------------------+
; Analysis & Synthesis Source Files Read                                                                                                                                                          ;
+----------------------------------+-----------------+-----------------+----------------------------------------------------------------------------------------------------------------+---------+
; File Name with User-Entered Path ; Used in Netlist ; File Type       ; File Name with Absolute Path                                                                                   ; Library ;
+----------------------------------+-----------------+-----------------+----------------------------------------------------------------------------------------------------------------+---------+
; ../source/synthi_top.vhd         ; yes             ; User VHDL File  ; C:/Screen/ZHAW/Semester 2/Digitaltechnik/Projekt_Audio_Synthesizer/Milestone2_gelk/source/synthi_top.vhd       ;         ;
; ../source/synchronize.vhd        ; yes             ; User VHDL File  ; C:/Screen/ZHAW/Semester 2/Digitaltechnik/Projekt_Audio_Synthesizer/Milestone2_gelk/source/synchronize.vhd      ;         ;
; ../source/shiftreg_s2p_i2s.vhd   ; yes             ; User VHDL File  ; C:/Screen/ZHAW/Semester 2/Digitaltechnik/Projekt_Audio_Synthesizer/Milestone2_gelk/source/shiftreg_s2p_i2s.vhd ;         ;
; ../source/shiftreg_p2s_i2s.vhd   ; yes             ; User VHDL File  ; C:/Screen/ZHAW/Semester 2/Digitaltechnik/Projekt_Audio_Synthesizer/Milestone2_gelk/source/shiftreg_p2s_i2s.vhd ;         ;
; ../source/reg_table_pkg.vhd      ; yes             ; User VHDL File  ; C:/Screen/ZHAW/Semester 2/Digitaltechnik/Projekt_Audio_Synthesizer/Milestone2_gelk/source/reg_table_pkg.vhd    ;         ;
; ../source/path_control.vhd       ; yes             ; User VHDL File  ; C:/Screen/ZHAW/Semester 2/Digitaltechnik/Projekt_Audio_Synthesizer/Milestone2_gelk/source/path_control.vhd     ;         ;
; ../source/modulo_divider.vhd     ; yes             ; User VHDL File  ; C:/Screen/ZHAW/Semester 2/Digitaltechnik/Projekt_Audio_Synthesizer/Milestone2_gelk/source/modulo_divider.vhd   ;         ;
; ../source/infrastructure.vhd     ; yes             ; User VHDL File  ; C:/Screen/ZHAW/Semester 2/Digitaltechnik/Projekt_Audio_Synthesizer/Milestone2_gelk/source/infrastructure.vhd   ;         ;
; ../source/i2s_master.vhd         ; yes             ; User VHDL File  ; C:/Screen/ZHAW/Semester 2/Digitaltechnik/Projekt_Audio_Synthesizer/Milestone2_gelk/source/i2s_master.vhd       ;         ;
; ../source/i2s_decoder.vhd        ; yes             ; User VHDL File  ; C:/Screen/ZHAW/Semester 2/Digitaltechnik/Projekt_Audio_Synthesizer/Milestone2_gelk/source/i2s_decoder.vhd      ;         ;
; ../source/i2c_master.vhd         ; yes             ; User VHDL File  ; C:/Screen/ZHAW/Semester 2/Digitaltechnik/Projekt_Audio_Synthesizer/Milestone2_gelk/source/i2c_master.vhd       ;         ;
; ../source/codec_controller.vhd   ; yes             ; User VHDL File  ; C:/Screen/ZHAW/Semester 2/Digitaltechnik/Projekt_Audio_Synthesizer/Milestone2_gelk/source/codec_controller.vhd ;         ;
+----------------------------------+-----------------+-----------------+----------------------------------------------------------------------------------------------------------------+---------+


+------------------------------------------------------------------------------------------------------------------------+
; Analysis & Synthesis Resource Usage Summary                                                                            ;
+---------------------------------------------+--------------------------------------------------------------------------+
; Resource                                    ; Usage                                                                    ;
+---------------------------------------------+--------------------------------------------------------------------------+
; Estimated Total logic elements              ; 149                                                                      ;
;                                             ;                                                                          ;
; Total combinational functions               ; 133                                                                      ;
; Logic element usage by number of LUT inputs ;                                                                          ;
;     -- 4 input functions                    ; 68                                                                       ;
;     -- 3 input functions                    ; 29                                                                       ;
;     -- <=2 input functions                  ; 36                                                                       ;
;                                             ;                                                                          ;
; Logic elements by mode                      ;                                                                          ;
;     -- normal mode                          ; 124                                                                      ;
;     -- arithmetic mode                      ; 9                                                                        ;
;                                             ;                                                                          ;
; Total registers                             ; 79                                                                       ;
;     -- Dedicated logic registers            ; 79                                                                       ;
;     -- I/O registers                        ; 0                                                                        ;
;                                             ;                                                                          ;
; I/O pins                                    ; 32                                                                       ;
;                                             ;                                                                          ;
; Embedded Multiplier 9-bit elements          ; 0                                                                        ;
;                                             ;                                                                          ;
; Maximum fan-out node                        ; infrastructure:infrastructure_1|modulo_divider:modulo_divider_1|count[1] ;
; Maximum fan-out                             ; 79                                                                       ;
; Total fan-out                               ; 735                                                                      ;
; Average fan-out                             ; 2.65                                                                     ;
+---------------------------------------------+--------------------------------------------------------------------------+


+-------------------------------------------------------------------------------------------------------------------------------------------------------------------------------------------------------------------------------------------------------------------------------------+
; Analysis & Synthesis Resource Utilization by Entity                                                                                                                                                                                                                                 ;
+------------------------------------------+---------------------+---------------------------+-------------+--------------+---------+-----------+------+--------------+-----------------------------------------------------------------------------+------------------+--------------+
; Compilation Hierarchy Node               ; Combinational ALUTs ; Dedicated Logic Registers ; Memory Bits ; DSP Elements ; DSP 9x9 ; DSP 18x18 ; Pins ; Virtual Pins ; Full Hierarchy Name                                                         ; Entity Name      ; Library Name ;
+------------------------------------------+---------------------+---------------------------+-------------+--------------+---------+-----------+------+--------------+-----------------------------------------------------------------------------+------------------+--------------+
; |synthi_top                              ; 133 (0)             ; 79 (0)                    ; 0           ; 0            ; 0       ; 0         ; 32   ; 0            ; |synthi_top                                                                 ; synthi_top       ; work         ;
;    |codec_controller:codec_controller_1| ; 20 (20)             ; 7 (7)                     ; 0           ; 0            ; 0       ; 0         ; 0    ; 0            ; |synthi_top|codec_controller:codec_controller_1                             ; codec_controller ; work         ;
;    |i2c_master:i2c_master_1|             ; 101 (101)           ; 52 (52)                   ; 0           ; 0            ; 0       ; 0         ; 0    ; 0            ; |synthi_top|i2c_master:i2c_master_1                                         ; i2c_master       ; work         ;
;    |i2s_master:i2s_master_1|             ; 10 (10)             ; 8 (8)                     ; 0           ; 0            ; 0       ; 0         ; 0    ; 0            ; |synthi_top|i2s_master:i2s_master_1                                         ; i2s_master       ; work         ;
;    |infrastructure:infrastructure_1|     ; 2 (0)               ; 12 (0)                    ; 0           ; 0            ; 0       ; 0         ; 0    ; 0            ; |synthi_top|infrastructure:infrastructure_1                                 ; infrastructure   ; work         ;
;       |modulo_divider:modulo_divider_1|  ; 2 (2)               ; 2 (2)                     ; 0           ; 0            ; 0       ; 0         ; 0    ; 0            ; |synthi_top|infrastructure:infrastructure_1|modulo_divider:modulo_divider_1 ; modulo_divider   ; work         ;
;       |synchronize:synchronize_1|        ; 0 (0)               ; 4 (4)                     ; 0           ; 0            ; 0       ; 0         ; 0    ; 0            ; |synthi_top|infrastructure:infrastructure_1|synchronize:synchronize_1       ; synchronize      ; work         ;
;       |synchronize:synchronize_2|        ; 0 (0)               ; 6 (6)                     ; 0           ; 0            ; 0       ; 0         ; 0    ; 0            ; |synthi_top|infrastructure:infrastructure_1|synchronize:synchronize_2       ; synchronize      ; work         ;
+------------------------------------------+---------------------+---------------------------+-------------+--------------+---------+-----------+------+--------------+-----------------------------------------------------------------------------+------------------+--------------+
Note: For table entries with two numbers listed, the numbers in parentheses indicate the number of resources of the given type used by the specific entity alone. The numbers listed outside of parentheses indicate the total resources of the given type used by the specific entity and all of its sub-entities in the hierarchy.


Encoding Type:  One-Hot
+-----------------------------------------------------------------------------------------------------------------------------------------------------------------------------------------------------------------------------------+
; State Machine - |synthi_top|i2c_master:i2c_master_1|fsm_state                                                                                                                                                                     ;
+--------------------------------+------------------+---------------------------+----------------------+-----------------------+--------------------------------+-------------------+----------------------------+------------------+
; Name                           ; fsm_state.S_STOP ; fsm_state.S_WAIT_FOR_STOP ; fsm_state.S_ACK_BYTE ; fsm_state.S_SEND_BYTE ; fsm_state.S_WAIT_FOR_NEXT_BYTE ; fsm_state.S_START ; fsm_state.S_WAIT_FOR_START ; fsm_state.S_IDLE ;
+--------------------------------+------------------+---------------------------+----------------------+-----------------------+--------------------------------+-------------------+----------------------------+------------------+
; fsm_state.S_IDLE               ; 0                ; 0                         ; 0                    ; 0                     ; 0                              ; 0                 ; 0                          ; 0                ;
; fsm_state.S_WAIT_FOR_START     ; 0                ; 0                         ; 0                    ; 0                     ; 0                              ; 0                 ; 1                          ; 1                ;
; fsm_state.S_START              ; 0                ; 0                         ; 0                    ; 0                     ; 0                              ; 1                 ; 0                          ; 1                ;
; fsm_state.S_WAIT_FOR_NEXT_BYTE ; 0                ; 0                         ; 0                    ; 0                     ; 1                              ; 0                 ; 0                          ; 1                ;
; fsm_state.S_SEND_BYTE          ; 0                ; 0                         ; 0                    ; 1                     ; 0                              ; 0                 ; 0                          ; 1                ;
; fsm_state.S_ACK_BYTE           ; 0                ; 0                         ; 1                    ; 0                     ; 0                              ; 0                 ; 0                          ; 1                ;
; fsm_state.S_WAIT_FOR_STOP      ; 0                ; 1                         ; 0                    ; 0                     ; 0                              ; 0                 ; 0                          ; 1                ;
; fsm_state.S_STOP               ; 1                ; 0                         ; 0                    ; 0                     ; 0                              ; 0                 ; 0                          ; 1                ;
+--------------------------------+------------------+---------------------------+----------------------+-----------------------+--------------------------------+-------------------+----------------------------+------------------+


Encoding Type:  One-Hot
+-------------------------------------------------------------------------------------------------+
; State Machine - |synthi_top|codec_controller:codec_controller_1|fsm_reg                         ;
+---------------------------+--------------------+---------------------------+--------------------+
; Name                      ; fsm_reg.state_wait ; fsm_reg.state_start_write ; fsm_reg.state_idle ;
+---------------------------+--------------------+---------------------------+--------------------+
; fsm_reg.state_idle        ; 0                  ; 0                         ; 0                  ;
; fsm_reg.state_start_write ; 0                  ; 1                         ; 1                  ;
; fsm_reg.state_wait        ; 1                  ; 0                         ; 1                  ;
+---------------------------+--------------------+---------------------------+--------------------+


+---------------------------------------------------------------------------------------------------------------------------------------------------------------------------+
; Registers Removed During Synthesis                                                                                                                                        ;
+---------------------------------------------------------------------------------+-----------------------------------------------------------------------------------------+
; Register name                                                                   ; Reason for Removal                                                                      ;
+---------------------------------------------------------------------------------+-----------------------------------------------------------------------------------------+
; i2s_master:i2s_master_1|shiftreg_s2p_i2s:shiftreg_s2p_i2s_right|shiftreg[15]    ; Merged with i2s_master:i2s_master_1|shiftreg_s2p_i2s:shiftreg_s2p_i2s_left|shiftreg[15] ;
; i2s_master:i2s_master_1|shiftreg_s2p_i2s:shiftreg_s2p_i2s_right|shiftreg[14]    ; Merged with i2s_master:i2s_master_1|shiftreg_s2p_i2s:shiftreg_s2p_i2s_left|shiftreg[14] ;
; i2s_master:i2s_master_1|shiftreg_s2p_i2s:shiftreg_s2p_i2s_right|shiftreg[13]    ; Merged with i2s_master:i2s_master_1|shiftreg_s2p_i2s:shiftreg_s2p_i2s_left|shiftreg[13] ;
; i2s_master:i2s_master_1|shiftreg_s2p_i2s:shiftreg_s2p_i2s_right|shiftreg[12]    ; Merged with i2s_master:i2s_master_1|shiftreg_s2p_i2s:shiftreg_s2p_i2s_left|shiftreg[12] ;
; i2s_master:i2s_master_1|shiftreg_s2p_i2s:shiftreg_s2p_i2s_right|shiftreg[11]    ; Merged with i2s_master:i2s_master_1|shiftreg_s2p_i2s:shiftreg_s2p_i2s_left|shiftreg[11] ;
; i2s_master:i2s_master_1|shiftreg_s2p_i2s:shiftreg_s2p_i2s_right|shiftreg[10]    ; Merged with i2s_master:i2s_master_1|shiftreg_s2p_i2s:shiftreg_s2p_i2s_left|shiftreg[10] ;
; i2s_master:i2s_master_1|shiftreg_s2p_i2s:shiftreg_s2p_i2s_right|shiftreg[9]     ; Merged with i2s_master:i2s_master_1|shiftreg_s2p_i2s:shiftreg_s2p_i2s_left|shiftreg[9]  ;
; i2s_master:i2s_master_1|shiftreg_s2p_i2s:shiftreg_s2p_i2s_right|shiftreg[8]     ; Merged with i2s_master:i2s_master_1|shiftreg_s2p_i2s:shiftreg_s2p_i2s_left|shiftreg[8]  ;
; i2s_master:i2s_master_1|shiftreg_s2p_i2s:shiftreg_s2p_i2s_right|shiftreg[7]     ; Merged with i2s_master:i2s_master_1|shiftreg_s2p_i2s:shiftreg_s2p_i2s_left|shiftreg[7]  ;
; i2s_master:i2s_master_1|shiftreg_s2p_i2s:shiftreg_s2p_i2s_right|shiftreg[6]     ; Merged with i2s_master:i2s_master_1|shiftreg_s2p_i2s:shiftreg_s2p_i2s_left|shiftreg[6]  ;
; i2s_master:i2s_master_1|shiftreg_s2p_i2s:shiftreg_s2p_i2s_right|shiftreg[5]     ; Merged with i2s_master:i2s_master_1|shiftreg_s2p_i2s:shiftreg_s2p_i2s_left|shiftreg[5]  ;
; i2s_master:i2s_master_1|shiftreg_s2p_i2s:shiftreg_s2p_i2s_right|shiftreg[4]     ; Merged with i2s_master:i2s_master_1|shiftreg_s2p_i2s:shiftreg_s2p_i2s_left|shiftreg[4]  ;
; i2s_master:i2s_master_1|shiftreg_s2p_i2s:shiftreg_s2p_i2s_right|shiftreg[3]     ; Merged with i2s_master:i2s_master_1|shiftreg_s2p_i2s:shiftreg_s2p_i2s_left|shiftreg[3]  ;
; i2s_master:i2s_master_1|shiftreg_s2p_i2s:shiftreg_s2p_i2s_right|shiftreg[2]     ; Merged with i2s_master:i2s_master_1|shiftreg_s2p_i2s:shiftreg_s2p_i2s_left|shiftreg[2]  ;
; i2s_master:i2s_master_1|shiftreg_s2p_i2s:shiftreg_s2p_i2s_right|shiftreg[1]     ; Merged with i2s_master:i2s_master_1|shiftreg_s2p_i2s:shiftreg_s2p_i2s_left|shiftreg[1]  ;
; i2s_master:i2s_master_1|shiftreg_s2p_i2s:shiftreg_s2p_i2s_right|shiftreg[0]     ; Merged with i2s_master:i2s_master_1|shiftreg_s2p_i2s:shiftreg_s2p_i2s_left|shiftreg[0]  ;
; i2s_master:i2s_master_1|shiftreg_p2s_i2s:shiftreg_p2s_i2s_left|shiftreg[0..15]  ; Stuck at VCC due to stuck port preset                                                   ;
; i2s_master:i2s_master_1|shiftreg_p2s_i2s:shiftreg_p2s_i2s_right|shiftreg[0..15] ; Stuck at VCC due to stuck port preset                                                   ;
; Total Number of Removed Registers = 48                                          ;                                                                                         ;
+---------------------------------------------------------------------------------+-----------------------------------------------------------------------------------------+


+--------------------------------------------------------------------------------------------------------------------------------------------------------------------------------------+
; Removed Registers Triggering Further Register Optimizations                                                                                                                          ;
+-----------------------------------------------------------------------------+--------------------------+-----------------------------------------------------------------------------+
; Register name                                                               ; Reason for Removal       ; Registers Removed due to This Register                                      ;
+-----------------------------------------------------------------------------+--------------------------+-----------------------------------------------------------------------------+
; i2s_master:i2s_master_1|shiftreg_p2s_i2s:shiftreg_p2s_i2s_left|shiftreg[0]  ; Stuck at VCC             ; i2s_master:i2s_master_1|shiftreg_p2s_i2s:shiftreg_p2s_i2s_left|shiftreg[1]  ;
;                                                                             ; due to stuck port preset ;                                                                             ;
; i2s_master:i2s_master_1|shiftreg_p2s_i2s:shiftreg_p2s_i2s_right|shiftreg[0] ; Stuck at VCC             ; i2s_master:i2s_master_1|shiftreg_p2s_i2s:shiftreg_p2s_i2s_right|shiftreg[1] ;
;                                                                             ; due to stuck port preset ;                                                                             ;
+-----------------------------------------------------------------------------+--------------------------+-----------------------------------------------------------------------------+


+------------------------------------------------------+
; General Register Statistics                          ;
+----------------------------------------------+-------+
; Statistic                                    ; Value ;
+----------------------------------------------+-------+
; Total registers                              ; 79    ;
; Number of registers using Synchronous Clear  ; 9     ;
; Number of registers using Synchronous Load   ; 0     ;
; Number of registers using Asynchronous Clear ; 66    ;
; Number of registers using Asynchronous Load  ; 0     ;
; Number of registers using Clock Enable       ; 36    ;
; Number of registers using Preset             ; 0     ;
+----------------------------------------------+-------+


+--------------------------------------------------+
; Inverted Register Statistics                     ;
+----------------------------------------+---------+
; Inverted Register                      ; Fan out ;
+----------------------------------------+---------+
; i2c_master:i2c_master_1|scl            ; 2       ;
; i2c_master:i2c_master_1|sda            ; 3       ;
; Total number of inverted registers = 2 ;         ;
+----------------------------------------+---------+


+-----------------------------------------------------------------------------------------------------------------------------------------------------------------+
; Multiplexer Restructuring Statistics (Restructuring Performed)                                                                                                  ;
+--------------------+-----------+---------------+----------------------+------------------------+------------+---------------------------------------------------+
; Multiplexer Inputs ; Bus Width ; Baseline Area ; Area if Restructured ; Saving if Restructured ; Registered ; Example Multiplexer Output                        ;
+--------------------+-----------+---------------+----------------------+------------------------+------------+---------------------------------------------------+
; 5:1                ; 2 bits    ; 6 LEs         ; 2 LEs                ; 4 LEs                  ; Yes        ; |synthi_top|i2c_master:i2c_master_1|byte_count[1] ;
; 6:1                ; 3 bits    ; 12 LEs        ; 3 LEs                ; 9 LEs                  ; Yes        ; |synthi_top|i2c_master:i2c_master_1|bit_count[2]  ;
; 7:1                ; 13 bits   ; 52 LEs        ; 13 LEs               ; 39 LEs                 ; Yes        ; |synthi_top|i2c_master:i2c_master_1|data[14]      ;
; 7:1                ; 6 bits    ; 24 LEs        ; 6 LEs                ; 18 LEs                 ; Yes        ; |synthi_top|i2c_master:i2c_master_1|data[12]      ;
; 8:1                ; 2 bits    ; 10 LEs        ; 4 LEs                ; 6 LEs                  ; No         ; |synthi_top|i2c_master:i2c_master_1|Selector30    ;
; 9:1                ; 2 bits    ; 12 LEs        ; 4 LEs                ; 8 LEs                  ; No         ; |synthi_top|i2c_master:i2c_master_1|Selector31    ;
+--------------------+-----------+---------------+----------------------+------------------------+------------+---------------------------------------------------+


+--------------------------------------------------------------------------------------------------------+
; Parameter Settings for User Entity Instance: infrastructure:infrastructure_1|synchronize:synchronize_1 ;
+----------------+-------+-------------------------------------------------------------------------------+
; Parameter Name ; Value ; Type                                                                          ;
+----------------+-------+-------------------------------------------------------------------------------+
; width          ; 4     ; Signed Integer                                                                ;
+----------------+-------+-------------------------------------------------------------------------------+
Note: In order to hide this table in the UI and the text report file, please set the "Show Parameter Settings in Synthesis Report" option in "Analysis and Synthesis Settings -> More Settings" to "Off".


+--------------------------------------------------------------------------------------------------------+
; Parameter Settings for User Entity Instance: infrastructure:infrastructure_1|synchronize:synchronize_2 ;
+----------------+-------+-------------------------------------------------------------------------------+
; Parameter Name ; Value ; Type                                                                          ;
+----------------+-------+-------------------------------------------------------------------------------+
; width          ; 18    ; Signed Integer                                                                ;
+----------------+-------+-------------------------------------------------------------------------------+
Note: In order to hide this table in the UI and the text report file, please set the "Show Parameter Settings in Synthesis Report" option in "Analysis and Synthesis Settings -> More Settings" to "Off".


+--------------------------------------------------------------------------------------------------------+
; Parameter Settings for User Entity Instance: infrastructure:infrastructure_1|synchronize:synchronize_3 ;
+----------------+-------+-------------------------------------------------------------------------------+
; Parameter Name ; Value ; Type                                                                          ;
+----------------+-------+-------------------------------------------------------------------------------+
; width          ; 1     ; Signed Integer                                                                ;
+----------------+-------+-------------------------------------------------------------------------------+
Note: In order to hide this table in the UI and the text report file, please set the "Show Parameter Settings in Synthesis Report" option in "Analysis and Synthesis Settings -> More Settings" to "Off".


+--------------------------------------------------------------------------------------------------------------+
; Parameter Settings for User Entity Instance: infrastructure:infrastructure_1|modulo_divider:modulo_divider_1 ;
+----------------+-------+-------------------------------------------------------------------------------------+
; Parameter Name ; Value ; Type                                                                                ;
+----------------+-------+-------------------------------------------------------------------------------------+
; width          ; 2     ; Signed Integer                                                                      ;
+----------------+-------+-------------------------------------------------------------------------------------+
Note: In order to hide this table in the UI and the text report file, please set the "Show Parameter Settings in Synthesis Report" option in "Analysis and Synthesis Settings -> More Settings" to "Off".


+------------------------------------------------------------------------------------------------------------------+
; Port Connectivity Checks: "i2s_master:i2s_master_1"                                                              ;
+--------+--------+----------+-------------------------------------------------------------------------------------+
; Port   ; Type   ; Severity ; Details                                                                             ;
+--------+--------+----------+-------------------------------------------------------------------------------------+
; load_o ; Output ; Info     ; Connected to dangling logic. Logic that only feeds a dangling port will be removed. ;
+--------+--------+----------+-------------------------------------------------------------------------------------+


+------------------------------------------------------------------------------------------------------------------+
; Port Connectivity Checks: "codec_controller:codec_controller_1"                                                  ;
+--------+--------+----------+-------------------------------------------------------------------------------------+
; Port   ; Type   ; Severity ; Details                                                                             ;
+--------+--------+----------+-------------------------------------------------------------------------------------+
; mute_o ; Output ; Info     ; Connected to dangling logic. Logic that only feeds a dangling port will be removed. ;
+--------+--------+----------+-------------------------------------------------------------------------------------+


+---------------------------------------------------------------------------------------------+
; Port Connectivity Checks: "infrastructure:infrastructure_1|modulo_divider:modulo_divider_1" ;
+---------+-------+----------+----------------------------------------------------------------+
; Port    ; Type  ; Severity ; Details                                                        ;
+---------+-------+----------+----------------------------------------------------------------+
; reset_n ; Input ; Info     ; Stuck at VCC                                                   ;
+---------+-------+----------+----------------------------------------------------------------+


+--------------------------------------------------------------------------------------------------------------------------+
; Port Connectivity Checks: "infrastructure:infrastructure_1"                                                              ;
+----------------+--------+----------+-------------------------------------------------------------------------------------+
; Port           ; Type   ; Severity ; Details                                                                             ;
+----------------+--------+----------+-------------------------------------------------------------------------------------+
; key_sync[3..2] ; Output ; Info     ; Connected to dangling logic. Logic that only feeds a dangling port will be removed. ;
; key_sync[0]    ; Output ; Info     ; Connected to dangling logic. Logic that only feeds a dangling port will be removed. ;
; sw_sync[17..4] ; Output ; Info     ; Connected to dangling logic. Logic that only feeds a dangling port will be removed. ;
; gpio_26_sync   ; Output ; Info     ; Connected to dangling logic. Logic that only feeds a dangling port will be removed. ;
+----------------+--------+----------+-------------------------------------------------------------------------------------+


+-----------------------------------------------------+
; Post-Synthesis Netlist Statistics for Top Partition ;
+-----------------------+-----------------------------+
; Type                  ; Count                       ;
+-----------------------+-----------------------------+
; boundary_port         ; 32                          ;
; cycloneiii_ff         ; 79                          ;
;     CLR               ; 30                          ;
;     ENA CLR           ; 27                          ;
;     ENA CLR SCLR      ; 9                           ;
;     plain             ; 13                          ;
; cycloneiii_io_obuf    ; 1                           ;
; cycloneiii_lcell_comb ; 135                         ;
;     arith             ; 9                           ;
;         2 data inputs ; 8                           ;
;         3 data inputs ; 1                           ;
;     normal            ; 126                         ;
;         0 data inputs ; 1                           ;
;         1 data inputs ; 5                           ;
;         2 data inputs ; 24                          ;
;         3 data inputs ; 28                          ;
;         4 data inputs ; 68                          ;
;                       ;                             ;
; Max LUT depth         ; 5.00                        ;
; Average LUT depth     ; 2.33                        ;
+-----------------------+-----------------------------+


+-------------------------------+
; Elapsed Time Per Partition    ;
+----------------+--------------+
; Partition Name ; Elapsed Time ;
+----------------+--------------+
; Top            ; 00:00:01     ;
+----------------+--------------+


+-------------------------------+
; Analysis & Synthesis Messages ;
+-------------------------------+
Info: *******************************************************************
Info: Running Quartus Prime Analysis & Synthesis
    Info: Version 18.0.0 Build 614 04/24/2018 SJ Lite Edition
    Info: Processing started: Fri Apr 12 18:36:20 2019
Info: Command: quartus_map --read_settings_files=on --write_settings_files=off synthi_top -c synthi_top
Warning (18236): Number of processors has not been specified which may cause overloading on shared machines.  Set the global assignment NUM_PARALLEL_PROCESSORS in your QSF to an appropriate value for best performance.
Info (20030): Parallel compilation is enabled and will use 4 of the 4 processors detected
Info (12021): Found 1 design units, including 0 entities, in source file /screen/zhaw/semester 2/digitaltechnik/projekt_audio_synthesizer/milestone2_gelk/source/tone_gen_pkg.vhd
    Info (12022): Found design unit 1: tone_gen_pkg File: C:/Screen/ZHAW/Semester 2/Digitaltechnik/Projekt_Audio_Synthesizer/Milestone2_gelk/source/tone_gen_pkg.vhd Line: 25
Info (12021): Found 2 design units, including 1 entities, in source file /screen/zhaw/semester 2/digitaltechnik/projekt_audio_synthesizer/milestone2_gelk/source/synthi_top.vhd
    Info (12022): Found design unit 1: synthi_top-rtl File: C:/Screen/ZHAW/Semester 2/Digitaltechnik/Projekt_Audio_Synthesizer/Milestone2_gelk/source/synthi_top.vhd Line: 56
    Info (12023): Found entity 1: synthi_top File: C:/Screen/ZHAW/Semester 2/Digitaltechnik/Projekt_Audio_Synthesizer/Milestone2_gelk/source/synthi_top.vhd Line: 32
Info (12021): Found 2 design units, including 1 entities, in source file /screen/zhaw/semester 2/digitaltechnik/projekt_audio_synthesizer/milestone2_gelk/source/synchronize_single.vhd
    Info (12022): Found design unit 1: synchronize_single-rtl File: C:/Screen/ZHAW/Semester 2/Digitaltechnik/Projekt_Audio_Synthesizer/Milestone2_gelk/source/synchronize_single.vhd Line: 42
    Info (12023): Found entity 1: synchronize_single File: C:/Screen/ZHAW/Semester 2/Digitaltechnik/Projekt_Audio_Synthesizer/Milestone2_gelk/source/synchronize_single.vhd Line: 27
Info (12021): Found 2 design units, including 1 entities, in source file /screen/zhaw/semester 2/digitaltechnik/projekt_audio_synthesizer/milestone2_gelk/source/synchronize.vhd
    Info (12022): Found design unit 1: synchronize-rtl File: C:/Screen/ZHAW/Semester 2/Digitaltechnik/Projekt_Audio_Synthesizer/Milestone2_gelk/source/synchronize.vhd Line: 42
    Info (12023): Found entity 1: synchronize File: C:/Screen/ZHAW/Semester 2/Digitaltechnik/Projekt_Audio_Synthesizer/Milestone2_gelk/source/synchronize.vhd Line: 27
Info (12021): Found 2 design units, including 1 entities, in source file /screen/zhaw/semester 2/digitaltechnik/projekt_audio_synthesizer/milestone2_gelk/source/shiftreg_s2p_i2s.vhd
    Info (12022): Found design unit 1: shiftreg_s2p_i2s-rtl File: C:/Screen/ZHAW/Semester 2/Digitaltechnik/Projekt_Audio_Synthesizer/Milestone2_gelk/source/shiftreg_s2p_i2s.vhd Line: 18
    Info (12023): Found entity 1: shiftreg_s2p_i2s File: C:/Screen/ZHAW/Semester 2/Digitaltechnik/Projekt_Audio_Synthesizer/Milestone2_gelk/source/shiftreg_s2p_i2s.vhd Line: 6
Info (12021): Found 2 design units, including 1 entities, in source file /screen/zhaw/semester 2/digitaltechnik/projekt_audio_synthesizer/milestone2_gelk/source/shiftreg_p2s_i2s.vhd
    Info (12022): Found design unit 1: shiftreg_p2s_i2s-rtl File: C:/Screen/ZHAW/Semester 2/Digitaltechnik/Projekt_Audio_Synthesizer/Milestone2_gelk/source/shiftreg_p2s_i2s.vhd Line: 22
    Info (12023): Found entity 1: shiftreg_p2s_i2s File: C:/Screen/ZHAW/Semester 2/Digitaltechnik/Projekt_Audio_Synthesizer/Milestone2_gelk/source/shiftreg_p2s_i2s.vhd Line: 7
Info (12021): Found 1 design units, including 0 entities, in source file /screen/zhaw/semester 2/digitaltechnik/projekt_audio_synthesizer/milestone2_gelk/source/reg_table_pkg.vhd
    Info (12022): Found design unit 1: reg_table_pkg File: C:/Screen/ZHAW/Semester 2/Digitaltechnik/Projekt_Audio_Synthesizer/Milestone2_gelk/source/reg_table_pkg.vhd Line: 26
Info (12021): Found 2 design units, including 1 entities, in source file /screen/zhaw/semester 2/digitaltechnik/projekt_audio_synthesizer/milestone2_gelk/source/path_control.vhd
    Info (12022): Found design unit 1: path_control-comb File: C:/Screen/ZHAW/Semester 2/Digitaltechnik/Projekt_Audio_Synthesizer/Milestone2_gelk/source/path_control.vhd Line: 44
    Info (12023): Found entity 1: path_control File: C:/Screen/ZHAW/Semester 2/Digitaltechnik/Projekt_Audio_Synthesizer/Milestone2_gelk/source/path_control.vhd Line: 29
Info (12021): Found 2 design units, including 1 entities, in source file /screen/zhaw/semester 2/digitaltechnik/projekt_audio_synthesizer/milestone2_gelk/source/modulo_divider.vhd
    Info (12022): Found design unit 1: modulo_divider-rtl File: C:/Screen/ZHAW/Semester 2/Digitaltechnik/Projekt_Audio_Synthesizer/Milestone2_gelk/source/modulo_divider.vhd Line: 26
    Info (12023): Found entity 1: modulo_divider File: C:/Screen/ZHAW/Semester 2/Digitaltechnik/Projekt_Audio_Synthesizer/Milestone2_gelk/source/modulo_divider.vhd Line: 17
Info (12021): Found 2 design units, including 1 entities, in source file /screen/zhaw/semester 2/digitaltechnik/projekt_audio_synthesizer/milestone2_gelk/source/infrastructure.vhd
    Info (12022): Found design unit 1: infrastructure-str File: C:/Screen/ZHAW/Semester 2/Digitaltechnik/Projekt_Audio_Synthesizer/Milestone2_gelk/source/infrastructure.vhd Line: 50
    Info (12023): Found entity 1: infrastructure File: C:/Screen/ZHAW/Semester 2/Digitaltechnik/Projekt_Audio_Synthesizer/Milestone2_gelk/source/infrastructure.vhd Line: 32
Info (12021): Found 2 design units, including 1 entities, in source file /screen/zhaw/semester 2/digitaltechnik/projekt_audio_synthesizer/milestone2_gelk/source/i2s_master.vhd
    Info (12022): Found design unit 1: i2s_master-rtl File: C:/Screen/ZHAW/Semester 2/Digitaltechnik/Projekt_Audio_Synthesizer/Milestone2_gelk/source/i2s_master.vhd Line: 60
    Info (12023): Found entity 1: i2s_master File: C:/Screen/ZHAW/Semester 2/Digitaltechnik/Projekt_Audio_Synthesizer/Milestone2_gelk/source/i2s_master.vhd Line: 37
Info (12021): Found 2 design units, including 1 entities, in source file /screen/zhaw/semester 2/digitaltechnik/projekt_audio_synthesizer/milestone2_gelk/source/i2s_decoder.vhd
    Info (12022): Found design unit 1: i2s_decoder-rtl File: C:/Screen/ZHAW/Semester 2/Digitaltechnik/Projekt_Audio_Synthesizer/Milestone2_gelk/source/i2s_decoder.vhd Line: 44
    Info (12023): Found entity 1: i2s_decoder File: C:/Screen/ZHAW/Semester 2/Digitaltechnik/Projekt_Audio_Synthesizer/Milestone2_gelk/source/i2s_decoder.vhd Line: 34
Info (12021): Found 2 design units, including 1 entities, in source file /screen/zhaw/semester 2/digitaltechnik/projekt_audio_synthesizer/milestone2_gelk/source/i2c_slave_bfm.vhd
    Info (12022): Found design unit 1: i2c_slave_bfm-bfm File: C:/Screen/ZHAW/Semester 2/Digitaltechnik/Projekt_Audio_Synthesizer/Milestone2_gelk/source/i2c_slave_bfm.vhd Line: 32
    Info (12023): Found entity 1: i2c_slave_bfm File: C:/Screen/ZHAW/Semester 2/Digitaltechnik/Projekt_Audio_Synthesizer/Milestone2_gelk/source/i2c_slave_bfm.vhd Line: 7
Info (12021): Found 2 design units, including 1 entities, in source file /screen/zhaw/semester 2/digitaltechnik/projekt_audio_synthesizer/milestone2_gelk/source/i2c_master.vhd
    Info (12022): Found design unit 1: i2c_master-rtl File: C:/Screen/ZHAW/Semester 2/Digitaltechnik/Projekt_Audio_Synthesizer/Milestone2_gelk/source/i2c_master.vhd Line: 40
    Info (12023): Found entity 1: i2c_master File: C:/Screen/ZHAW/Semester 2/Digitaltechnik/Projekt_Audio_Synthesizer/Milestone2_gelk/source/i2c_master.vhd Line: 22
Info (12021): Found 2 design units, including 1 entities, in source file /screen/zhaw/semester 2/digitaltechnik/projekt_audio_synthesizer/milestone2_gelk/source/codec_controller.vhd
    Info (12022): Found design unit 1: codec_controller-rtl File: C:/Screen/ZHAW/Semester 2/Digitaltechnik/Projekt_Audio_Synthesizer/Milestone2_gelk/source/codec_controller.vhd Line: 54
    Info (12023): Found entity 1: codec_controller File: C:/Screen/ZHAW/Semester 2/Digitaltechnik/Projekt_Audio_Synthesizer/Milestone2_gelk/source/codec_controller.vhd Line: 37
Info (12021): Found 2 design units, including 1 entities, in source file /screen/zhaw/semester 2/digitaltechnik/projekt_audio_synthesizer/milestone2_gelk/source/bit_counter.vhd
    Info (12022): Found design unit 1: bit_counter-rtl File: C:/Screen/ZHAW/Semester 2/Digitaltechnik/Projekt_Audio_Synthesizer/Milestone2_gelk/source/bit_counter.vhd Line: 41
    Info (12023): Found entity 1: bit_counter File: C:/Screen/ZHAW/Semester 2/Digitaltechnik/Projekt_Audio_Synthesizer/Milestone2_gelk/source/bit_counter.vhd Line: 33
Info (12127): Elaborating entity "synthi_top" for the top level hierarchy
Warning (10036): Verilog HDL or VHDL warning at synthi_top.vhd(67): object "gpio_26_sync_2" assigned a value but never read File: C:/Screen/ZHAW/Semester 2/Digitaltechnik/Projekt_Audio_Synthesizer/Milestone2_gelk/source/synthi_top.vhd Line: 67
Warning (10036): Verilog HDL or VHDL warning at synthi_top.vhd(75): object "mute_o" assigned a value but never read File: C:/Screen/ZHAW/Semester 2/Digitaltechnik/Projekt_Audio_Synthesizer/Milestone2_gelk/source/synthi_top.vhd Line: 75
Warning (10036): Verilog HDL or VHDL warning at synthi_top.vhd(77): object "load_o" assigned a value but never read File: C:/Screen/ZHAW/Semester 2/Digitaltechnik/Projekt_Audio_Synthesizer/Milestone2_gelk/source/synthi_top.vhd Line: 77
Info (12128): Elaborating entity "infrastructure" for hierarchy "infrastructure:infrastructure_1" File: C:/Screen/ZHAW/Semester 2/Digitaltechnik/Projekt_Audio_Synthesizer/Milestone2_gelk/source/synthi_top.vhd Line: 165
Info (12128): Elaborating entity "synchronize" for hierarchy "infrastructure:infrastructure_1|synchronize:synchronize_1" File: C:/Screen/ZHAW/Semester 2/Digitaltechnik/Projekt_Audio_Synthesizer/Milestone2_gelk/source/infrastructure.vhd Line: 87
Info (12128): Elaborating entity "synchronize" for hierarchy "infrastructure:infrastructure_1|synchronize:synchronize_2" File: C:/Screen/ZHAW/Semester 2/Digitaltechnik/Projekt_Audio_Synthesizer/Milestone2_gelk/source/infrastructure.vhd Line: 96
Info (12128): Elaborating entity "synchronize" for hierarchy "infrastructure:infrastructure_1|synchronize:synchronize_3" File: C:/Screen/ZHAW/Semester 2/Digitaltechnik/Projekt_Audio_Synthesizer/Milestone2_gelk/source/infrastructure.vhd Line: 105
Info (12128): Elaborating entity "modulo_divider" for hierarchy "infrastructure:infrastructure_1|modulo_divider:modulo_divider_1" File: C:/Screen/ZHAW/Semester 2/Digitaltechnik/Projekt_Audio_Synthesizer/Milestone2_gelk/source/infrastructure.vhd Line: 114
Info (12128): Elaborating entity "codec_controller" for hierarchy "codec_controller:codec_controller_1" File: C:/Screen/ZHAW/Semester 2/Digitaltechnik/Projekt_Audio_Synthesizer/Milestone2_gelk/source/synthi_top.vhd Line: 178
Info (12128): Elaborating entity "i2c_master" for hierarchy "i2c_master:i2c_master_1" File: C:/Screen/ZHAW/Semester 2/Digitaltechnik/Projekt_Audio_Synthesizer/Milestone2_gelk/source/synthi_top.vhd Line: 191
Info (12128): Elaborating entity "i2s_master" for hierarchy "i2s_master:i2s_master_1" File: C:/Screen/ZHAW/Semester 2/Digitaltechnik/Projekt_Audio_Synthesizer/Milestone2_gelk/source/synthi_top.vhd Line: 207
Warning (10541): VHDL Signal Declaration warning at i2s_master.vhd(116): used implicit default value for signal "set_n_sig" because signal was never assigned a value or an explicit default value. Use of implicit default value may introduce unintended design optimizations. File: C:/Screen/ZHAW/Semester 2/Digitaltechnik/Projekt_Audio_Synthesizer/Milestone2_gelk/source/i2s_master.vhd Line: 116
Warning (10492): VHDL Process Statement warning at i2s_master.vhd(181): signal "reset_n" is read inside the Process Statement but isn't in the Process Statement's sensitivity list File: C:/Screen/ZHAW/Semester 2/Digitaltechnik/Projekt_Audio_Synthesizer/Milestone2_gelk/source/i2s_master.vhd Line: 181
Warning (10492): VHDL Process Statement warning at i2s_master.vhd(210): signal "ser_o_l_sig" is read inside the Process Statement but isn't in the Process Statement's sensitivity list File: C:/Screen/ZHAW/Semester 2/Digitaltechnik/Projekt_Audio_Synthesizer/Milestone2_gelk/source/i2s_master.vhd Line: 210
Warning (10492): VHDL Process Statement warning at i2s_master.vhd(212): signal "ser_o_r_sig" is read inside the Process Statement but isn't in the Process Statement's sensitivity list File: C:/Screen/ZHAW/Semester 2/Digitaltechnik/Projekt_Audio_Synthesizer/Milestone2_gelk/source/i2s_master.vhd Line: 212
Info (12128): Elaborating entity "i2s_decoder" for hierarchy "i2s_master:i2s_master_1|i2s_decoder:i2s_decoder_1" File: C:/Screen/ZHAW/Semester 2/Digitaltechnik/Projekt_Audio_Synthesizer/Milestone2_gelk/source/i2s_master.vhd Line: 129
Info (12128): Elaborating entity "shiftreg_p2s_i2s" for hierarchy "i2s_master:i2s_master_1|shiftreg_p2s_i2s:shiftreg_p2s_i2s_right" File: C:/Screen/ZHAW/Semester 2/Digitaltechnik/Projekt_Audio_Synthesizer/Milestone2_gelk/source/i2s_master.vhd Line: 137
Warning (10631): VHDL Process Statement warning at shiftreg_p2s_i2s.vhd(30): inferring latch(es) for signal or variable "enable", which holds its previous value in one or more paths through the process File: C:/Screen/ZHAW/Semester 2/Digitaltechnik/Projekt_Audio_Synthesizer/Milestone2_gelk/source/shiftreg_p2s_i2s.vhd Line: 30
Info (10041): Inferred latch for "enable" at shiftreg_p2s_i2s.vhd(30) File: C:/Screen/ZHAW/Semester 2/Digitaltechnik/Projekt_Audio_Synthesizer/Milestone2_gelk/source/shiftreg_p2s_i2s.vhd Line: 30
Info (12128): Elaborating entity "shiftreg_s2p_i2s" for hierarchy "i2s_master:i2s_master_1|shiftreg_s2p_i2s:shiftreg_s2p_i2s_right" File: C:/Screen/ZHAW/Semester 2/Digitaltechnik/Projekt_Audio_Synthesizer/Milestone2_gelk/source/i2s_master.vhd Line: 157
Warning (10631): VHDL Process Statement warning at shiftreg_s2p_i2s.vhd(29): inferring latch(es) for signal or variable "enable", which holds its previous value in one or more paths through the process File: C:/Screen/ZHAW/Semester 2/Digitaltechnik/Projekt_Audio_Synthesizer/Milestone2_gelk/source/shiftreg_s2p_i2s.vhd Line: 29
Info (10041): Inferred latch for "enable" at shiftreg_s2p_i2s.vhd(29) File: C:/Screen/ZHAW/Semester 2/Digitaltechnik/Projekt_Audio_Synthesizer/Milestone2_gelk/source/shiftreg_s2p_i2s.vhd Line: 29
Info (12128): Elaborating entity "path_control" for hierarchy "path_control:path_control_1" File: C:/Screen/ZHAW/Semester 2/Digitaltechnik/Projekt_Audio_Synthesizer/Milestone2_gelk/source/synthi_top.vhd Line: 223
Info (13000): Registers with preset signals will power-up high File: C:/Screen/ZHAW/Semester 2/Digitaltechnik/Projekt_Audio_Synthesizer/Milestone2_gelk/source/i2c_master.vhd Line: 300
Info (13003): DEV_CLRn pin will set, and not reset, register with preset signal due to NOT Gate Push-Back
Warning (13024): Output pins are stuck at VCC or GND
    Warning (13410): Pin "AUD_DACDAT" is stuck at VCC File: C:/Screen/ZHAW/Semester 2/Digitaltechnik/Projekt_Audio_Synthesizer/Milestone2_gelk/source/synthi_top.vhd Line: 45
Info (286030): Timing-Driven Synthesis is running
Info (16010): Generating hard_block partition "hard_block:auto_generated_inst"
    Info (16011): Adding 0 node(s), including 0 DDIO, 0 PLL, 0 transceiver and 0 LCELL
Warning (21074): Design contains 19 input pin(s) that do not drive logic
    Warning (15610): No output dependent on input pin "GPIO_26" File: C:/Screen/ZHAW/Semester 2/Digitaltechnik/Projekt_Audio_Synthesizer/Milestone2_gelk/source/synthi_top.vhd Line: 37
    Warning (15610): No output dependent on input pin "KEY[2]" File: C:/Screen/ZHAW/Semester 2/Digitaltechnik/Projekt_Audio_Synthesizer/Milestone2_gelk/source/synthi_top.vhd Line: 38
    Warning (15610): No output dependent on input pin "KEY[3]" File: C:/Screen/ZHAW/Semester 2/Digitaltechnik/Projekt_Audio_Synthesizer/Milestone2_gelk/source/synthi_top.vhd Line: 38
    Warning (15610): No output dependent on input pin "SW[3]" File: C:/Screen/ZHAW/Semester 2/Digitaltechnik/Projekt_Audio_Synthesizer/Milestone2_gelk/source/synthi_top.vhd Line: 39
    Warning (15610): No output dependent on input pin "SW[4]" File: C:/Screen/ZHAW/Semester 2/Digitaltechnik/Projekt_Audio_Synthesizer/Milestone2_gelk/source/synthi_top.vhd Line: 39
    Warning (15610): No output dependent on input pin "SW[5]" File: C:/Screen/ZHAW/Semester 2/Digitaltechnik/Projekt_Audio_Synthesizer/Milestone2_gelk/source/synthi_top.vhd Line: 39
    Warning (15610): No output dependent on input pin "SW[6]" File: C:/Screen/ZHAW/Semester 2/Digitaltechnik/Projekt_Audio_Synthesizer/Milestone2_gelk/source/synthi_top.vhd Line: 39
    Warning (15610): No output dependent on input pin "SW[7]" File: C:/Screen/ZHAW/Semester 2/Digitaltechnik/Projekt_Audio_Synthesizer/Milestone2_gelk/source/synthi_top.vhd Line: 39
    Warning (15610): No output dependent on input pin "SW[8]" File: C:/Screen/ZHAW/Semester 2/Digitaltechnik/Projekt_Audio_Synthesizer/Milestone2_gelk/source/synthi_top.vhd Line: 39
    Warning (15610): No output dependent on input pin "SW[9]" File: C:/Screen/ZHAW/Semester 2/Digitaltechnik/Projekt_Audio_Synthesizer/Milestone2_gelk/source/synthi_top.vhd Line: 39
    Warning (15610): No output dependent on input pin "SW[10]" File: C:/Screen/ZHAW/Semester 2/Digitaltechnik/Projekt_Audio_Synthesizer/Milestone2_gelk/source/synthi_top.vhd Line: 39
    Warning (15610): No output dependent on input pin "SW[11]" File: C:/Screen/ZHAW/Semester 2/Digitaltechnik/Projekt_Audio_Synthesizer/Milestone2_gelk/source/synthi_top.vhd Line: 39
    Warning (15610): No output dependent on input pin "SW[12]" File: C:/Screen/ZHAW/Semester 2/Digitaltechnik/Projekt_Audio_Synthesizer/Milestone2_gelk/source/synthi_top.vhd Line: 39
    Warning (15610): No output dependent on input pin "SW[13]" File: C:/Screen/ZHAW/Semester 2/Digitaltechnik/Projekt_Audio_Synthesizer/Milestone2_gelk/source/synthi_top.vhd Line: 39
    Warning (15610): No output dependent on input pin "SW[14]" File: C:/Screen/ZHAW/Semester 2/Digitaltechnik/Projekt_Audio_Synthesizer/Milestone2_gelk/source/synthi_top.vhd Line: 39
    Warning (15610): No output dependent on input pin "SW[15]" File: C:/Screen/ZHAW/Semester 2/Digitaltechnik/Projekt_Audio_Synthesizer/Milestone2_gelk/source/synthi_top.vhd Line: 39
    Warning (15610): No output dependent on input pin "SW[16]" File: C:/Screen/ZHAW/Semester 2/Digitaltechnik/Projekt_Audio_Synthesizer/Milestone2_gelk/source/synthi_top.vhd Line: 39
    Warning (15610): No output dependent on input pin "SW[17]" File: C:/Screen/ZHAW/Semester 2/Digitaltechnik/Projekt_Audio_Synthesizer/Milestone2_gelk/source/synthi_top.vhd Line: 39
    Warning (15610): No output dependent on input pin "AUD_ADCDAT" File: C:/Screen/ZHAW/Semester 2/Digitaltechnik/Projekt_Audio_Synthesizer/Milestone2_gelk/source/synthi_top.vhd Line: 42
Info (21057): Implemented 182 device resources after synthesis - the final resource count might be different
    Info (21058): Implemented 25 input pins
    Info (21059): Implemented 6 output pins
    Info (21060): Implemented 1 bidirectional pins
    Info (21061): Implemented 150 logic cells
Info: Quartus Prime Analysis & Synthesis was successful. 0 errors, 32 warnings
    Info: Peak virtual memory: 4820 megabytes
    Info: Processing ended: Fri Apr 12 18:36:34 2019
    Info: Elapsed time: 00:00:14
    Info: Total CPU time (on all processors): 00:00:28


